  [1m[36m (1.6ms)[0m  [1mCREATE TABLE "schema_migrations" ("version" varchar NOT NULL) [0m
  [1m[35m (0.1ms)[0m  select sqlite_version(*)
  [1m[36m (0.8ms)[0m  [1mCREATE UNIQUE INDEX "unique_schema_migrations" ON "schema_migrations" ("version")[0m
  [1m[35mActiveRecord::SchemaMigration Load (0.1ms)[0m  SELECT "schema_migrations".* FROM "schema_migrations"
Migrating to CreateUsers (20151215155203)
  [1m[36m (0.0ms)[0m  [1mbegin transaction[0m
  [1m[35m (0.3ms)[0m  CREATE TABLE "users" ("id" INTEGER PRIMARY KEY AUTOINCREMENT NOT NULL, "provider" varchar, "uid" varchar, "name" varchar, "oauth_token" varchar, "oauth_expires_at" datetime, "created_at" datetime NOT NULL, "updated_at" datetime NOT NULL) 
  [1m[36mSQL (0.1ms)[0m  [1mINSERT INTO "schema_migrations" ("version") VALUES (?)[0m  [["version", "20151215155203"]]
  [1m[35m (0.7ms)[0m  commit transaction
  [1m[36mActiveRecord::SchemaMigration Load (0.0ms)[0m  [1mSELECT "schema_migrations".* FROM "schema_migrations"[0m


Started GET "/" for ::1 at 2015-12-15 18:02:03 +0200
  [1m[36mActiveRecord::SchemaMigration Load (0.1ms)[0m  [1mSELECT "schema_migrations".* FROM "schema_migrations"[0m
Processing by HomeController#show as HTML
  Rendered home/show.html.erb within layouts/application (1.2ms)
Completed 200 OK in 1309ms (Views: 1290.5ms | ActiveRecord: 0.0ms)


Started GET "/assets/home.self-e3b0c44298fc1c149afbf4c8996fb92427ae41e4649b934ca495991b7852b855.css?body=1" for ::1 at 2015-12-15 18:02:04 +0200


Started GET "/assets/sessions.self-e3b0c44298fc1c149afbf4c8996fb92427ae41e4649b934ca495991b7852b855.css?body=1" for ::1 at 2015-12-15 18:02:04 +0200


Started GET "/assets/application.self-e80e8f2318043e8af94dddc2adad5a4f09739a8ebb323b3ab31cd71d45fd9113.css?body=1" for ::1 at 2015-12-15 18:02:04 +0200


Started GET "/assets/jquery.self-a714331225dda820228db323939889f149aec0127aeb06255646b616ba1ca419.js?body=1" for ::1 at 2015-12-15 18:02:04 +0200


Started GET "/assets/jquery_ujs.self-d456baa54c1fa6be2ec3711f0a72ddf7a5b2f34a6b4f515f33767d6207b7d4b3.js?body=1" for ::1 at 2015-12-15 18:02:04 +0200


Started GET "/assets/turbolinks.self-c37727e9bd6b2735da5c311aa83fead54ed0be6cc8bd9a65309e9c5abe2cbfff.js?body=1" for ::1 at 2015-12-15 18:02:04 +0200


Started GET "/assets/home.self-877aef30ae1b040ab8a3aba4e3e309a11d7f2612f44dde450b5c157aa5f95c05.js?body=1" for ::1 at 2015-12-15 18:02:04 +0200


Started GET "/assets/sessions.self-877aef30ae1b040ab8a3aba4e3e309a11d7f2612f44dde450b5c157aa5f95c05.js?body=1" for ::1 at 2015-12-15 18:02:04 +0200


Started GET "/assets/application.self-3b8dabdc891efe46b9a144b400ad69e37d7e5876bdc39dee783419a69d7ca819.js?body=1" for ::1 at 2015-12-15 18:02:04 +0200


Started GET "/auth/facebook" for ::1 at 2015-12-15 18:02:10 +0200
(facebook) Request phase initiated.


Started GET "/auth/facebook" for ::1 at 2015-12-15 18:02:10 +0200
(facebook) Request phase initiated.


Started GET "/auth/facebook" for ::1 at 2015-12-15 18:04:42 +0200
(facebook) Request phase initiated.


Started GET "/auth/facebook" for ::1 at 2015-12-15 18:04:44 +0200
(facebook) Request phase initiated.


Started GET "/auth/facebook" for ::1 at 2015-12-15 18:05:51 +0200
(facebook) Request phase initiated.


Started GET "/auth/facebook" for ::1 at 2015-12-15 18:05:51 +0200
(facebook) Request phase initiated.


Started GET "/auth/facebook/callback?error_code=1349126&error_message=App+Not+Set+Up%3A+This+app+is+still+in+development+mode%2C+and+you+don%27t+have+access+to+it.+Switch+to+a+registered+test+user+or+ask+an+app+admin+for+permissions.&state=c1730cfc35ea70f80e0c11653997b917b7a952904f4a75d6" for ::1 at 2015-12-15 18:06:01 +0200
(facebook) Callback phase initiated.

OmniAuth::Strategies::Facebook::NoAuthorizationCodeError (must pass either a `code` parameter or a signed request (via `signed_request` parameter or a `fbsr_XXX` cookie)):
  omniauth-facebook (1.4.1) lib/omniauth/strategies/facebook.rb:185:in `with_authorization_code!'
  omniauth-facebook (1.4.1) lib/omniauth/strategies/facebook.rb:73:in `build_access_token'
  omniauth-oauth2 (1.1.2) lib/omniauth/strategies/oauth2.rb:75:in `callback_phase'
  omniauth (1.2.2) lib/omniauth/strategy.rb:227:in `callback_call'
  omniauth (1.2.2) lib/omniauth/strategy.rb:184:in `call!'
  omniauth (1.2.2) lib/omniauth/strategy.rb:164:in `call'
  omniauth (1.2.2) lib/omniauth/builder.rb:59:in `call'
  rack (1.6.4) lib/rack/etag.rb:24:in `call'
  rack (1.6.4) lib/rack/conditionalget.rb:25:in `call'
  rack (1.6.4) lib/rack/head.rb:13:in `call'
  actionpack (4.2.4) lib/action_dispatch/middleware/params_parser.rb:27:in `call'
  actionpack (4.2.4) lib/action_dispatch/middleware/flash.rb:260:in `call'
  rack (1.6.4) lib/rack/session/abstract/id.rb:225:in `context'
  rack (1.6.4) lib/rack/session/abstract/id.rb:220:in `call'
  actionpack (4.2.4) lib/action_dispatch/middleware/cookies.rb:560:in `call'
  activerecord (4.2.4) lib/active_record/query_cache.rb:36:in `call'
  activerecord (4.2.4) lib/active_record/connection_adapters/abstract/connection_pool.rb:653:in `call'
  activerecord (4.2.4) lib/active_record/migration.rb:377:in `call'
  actionpack (4.2.4) lib/action_dispatch/middleware/callbacks.rb:29:in `block in call'
  activesupport (4.2.4) lib/active_support/callbacks.rb:88:in `__run_callbacks__'
  activesupport (4.2.4) lib/active_support/callbacks.rb:778:in `_run_call_callbacks'
  activesupport (4.2.4) lib/active_support/callbacks.rb:81:in `run_callbacks'
  actionpack (4.2.4) lib/action_dispatch/middleware/callbacks.rb:27:in `call'
  actionpack (4.2.4) lib/action_dispatch/middleware/reloader.rb:73:in `call'
  actionpack (4.2.4) lib/action_dispatch/middleware/remote_ip.rb:78:in `call'
  actionpack (4.2.4) lib/action_dispatch/middleware/debug_exceptions.rb:17:in `call'
  web-console (2.2.1) lib/web_console/middleware.rb:39:in `call'
  actionpack (4.2.4) lib/action_dispatch/middleware/show_exceptions.rb:30:in `call'
  railties (4.2.4) lib/rails/rack/logger.rb:38:in `call_app'
  railties (4.2.4) lib/rails/rack/logger.rb:20:in `block in call'
  activesupport (4.2.4) lib/active_support/tagged_logging.rb:68:in `block in tagged'
  activesupport (4.2.4) lib/active_support/tagged_logging.rb:26:in `tagged'
  activesupport (4.2.4) lib/active_support/tagged_logging.rb:68:in `tagged'
  railties (4.2.4) lib/rails/rack/logger.rb:20:in `call'
  actionpack (4.2.4) lib/action_dispatch/middleware/request_id.rb:21:in `call'
  rack (1.6.4) lib/rack/methodoverride.rb:22:in `call'
  rack (1.6.4) lib/rack/runtime.rb:18:in `call'
  activesupport (4.2.4) lib/active_support/cache/strategy/local_cache_middleware.rb:28:in `call'
  rack (1.6.4) lib/rack/lock.rb:17:in `call'
  actionpack (4.2.4) lib/action_dispatch/middleware/static.rb:116:in `call'
  rack (1.6.4) lib/rack/sendfile.rb:113:in `call'
  railties (4.2.4) lib/rails/engine.rb:518:in `call'
  railties (4.2.4) lib/rails/application.rb:165:in `call'
  rack (1.6.4) lib/rack/lock.rb:17:in `call'
  rack (1.6.4) lib/rack/content_length.rb:15:in `call'
  rack (1.6.4) lib/rack/handler/webrick.rb:88:in `service'
  /Users/Yasser/.rvm/rubies/ruby-2.2.1/lib/ruby/2.2.0/webrick/httpserver.rb:138:in `service'
  /Users/Yasser/.rvm/rubies/ruby-2.2.1/lib/ruby/2.2.0/webrick/httpserver.rb:94:in `run'
  /Users/Yasser/.rvm/rubies/ruby-2.2.1/lib/ruby/2.2.0/webrick/server.rb:294:in `block in start_thread'


  Rendered /Users/Yasser/.rvm/gems/ruby-2.2.1@global/gems/actionpack-4.2.4/lib/action_dispatch/middleware/templates/rescues/_source.erb (2.8ms)
  Rendered /Users/Yasser/.rvm/gems/ruby-2.2.1@global/gems/actionpack-4.2.4/lib/action_dispatch/middleware/templates/rescues/_trace.html.erb (1.9ms)
  Rendered /Users/Yasser/.rvm/gems/ruby-2.2.1@global/gems/actionpack-4.2.4/lib/action_dispatch/middleware/templates/rescues/_request_and_response.html.erb (0.8ms)
  Rendered /Users/Yasser/.rvm/gems/ruby-2.2.1@global/gems/actionpack-4.2.4/lib/action_dispatch/middleware/templates/rescues/diagnostics.html.erb within rescues/layout (52.9ms)
  Rendered /Users/Yasser/.rvm/gems/ruby-2.2.1/gems/web-console-2.2.1/lib/web_console/templates/_markup.html.erb (0.5ms)
  Rendered /Users/Yasser/.rvm/gems/ruby-2.2.1/gems/web-console-2.2.1/lib/web_console/templates/_inner_console_markup.html.erb within layouts/inlined_string (0.3ms)
  Rendered /Users/Yasser/.rvm/gems/ruby-2.2.1/gems/web-console-2.2.1/lib/web_console/templates/_prompt_box_markup.html.erb within layouts/inlined_string (0.3ms)
  Rendered /Users/Yasser/.rvm/gems/ruby-2.2.1/gems/web-console-2.2.1/lib/web_console/templates/style.css.erb within layouts/inlined_string (0.4ms)
  Rendered /Users/Yasser/.rvm/gems/ruby-2.2.1/gems/web-console-2.2.1/lib/web_console/templates/console.js.erb within layouts/javascript (39.4ms)
  Rendered /Users/Yasser/.rvm/gems/ruby-2.2.1/gems/web-console-2.2.1/lib/web_console/templates/main.js.erb within layouts/javascript (0.2ms)
  Rendered /Users/Yasser/.rvm/gems/ruby-2.2.1/gems/web-console-2.2.1/lib/web_console/templates/error_page.js.erb within layouts/javascript (0.4ms)
  Rendered /Users/Yasser/.rvm/gems/ruby-2.2.1/gems/web-console-2.2.1/lib/web_console/templates/index.html.erb (87.7ms)


Started GET "/auth/facebook" for ::1 at 2015-12-15 18:07:35 +0200
(facebook) Request phase initiated.


Started GET "/auth/facebook" for ::1 at 2015-12-15 18:07:39 +0200
(facebook) Request phase initiated.


Started GET "/auth/facebook" for ::1 at 2015-12-15 18:07:40 +0200
(facebook) Request phase initiated.


Started GET "/auth/facebook/callback?code=AQCDe8Qatp5pMlC-Peay163Va0Y1R4amBMFr5wRzjkzgmPc93ZGi6cW1LEPflcRXCAV3LSkls-UzEsh1RNfOVcZ97ZFnyZUt6PMFp4TPOg7LjRpI3B8mlBgm0WesZcJ4-Y4Q-IU0M8-0yJe8RBDyeMd1z1WgwKmj07Cydgq4bBHlm5mq4UHKAH0PktN0R6p5zQEhxsPaLJXgNv1kOK1Xxu2qD-WIV_7SE4RBIpKsYJBm7vbJfF2_JPt6IfMMQ8bW3rrdKvBt2ZaJWa_fI9hK3qEUzj8yaRjyxEsx3fTQI3wQlploW_STDXNwOJXsTuB_ROM&state=80560f0bca9218c663799c73a4cb6b98edd8598fa27028da" for ::1 at 2015-12-15 18:15:15 +0200
(facebook) Callback phase initiated.
(facebook) Authentication failure! csrf_detected: OmniAuth::Strategies::OAuth2::CallbackError, csrf_detected | CSRF detected
(facebook) Authentication failure! invalid_credentials: OmniAuth::Strategies::OAuth2::CallbackError, csrf_detected | CSRF detected

OmniAuth::Strategies::OAuth2::CallbackError (csrf_detected | CSRF detected):
  omniauth (1.2.2) lib/omniauth/failure_endpoint.rb:25:in `raise_out!'
  omniauth (1.2.2) lib/omniauth/failure_endpoint.rb:20:in `call'
  omniauth (1.2.2) lib/omniauth/failure_endpoint.rb:12:in `call'
  omniauth (1.2.2) lib/omniauth/strategy.rb:475:in `fail!'
  omniauth-oauth2 (1.1.2) lib/omniauth/strategies/oauth2.rb:73:in `callback_phase'
  omniauth (1.2.2) lib/omniauth/strategy.rb:227:in `callback_call'
  omniauth (1.2.2) lib/omniauth/strategy.rb:184:in `call!'
  omniauth (1.2.2) lib/omniauth/strategy.rb:164:in `call'
  omniauth (1.2.2) lib/omniauth/builder.rb:59:in `call'
  rack (1.6.4) lib/rack/etag.rb:24:in `call'
  rack (1.6.4) lib/rack/conditionalget.rb:25:in `call'
  rack (1.6.4) lib/rack/head.rb:13:in `call'
  actionpack (4.2.4) lib/action_dispatch/middleware/params_parser.rb:27:in `call'
  actionpack (4.2.4) lib/action_dispatch/middleware/flash.rb:260:in `call'
  rack (1.6.4) lib/rack/session/abstract/id.rb:225:in `context'
  rack (1.6.4) lib/rack/session/abstract/id.rb:220:in `call'
  actionpack (4.2.4) lib/action_dispatch/middleware/cookies.rb:560:in `call'
  activerecord (4.2.4) lib/active_record/query_cache.rb:36:in `call'
  activerecord (4.2.4) lib/active_record/connection_adapters/abstract/connection_pool.rb:653:in `call'
  activerecord (4.2.4) lib/active_record/migration.rb:377:in `call'
  actionpack (4.2.4) lib/action_dispatch/middleware/callbacks.rb:29:in `block in call'
  activesupport (4.2.4) lib/active_support/callbacks.rb:88:in `__run_callbacks__'
  activesupport (4.2.4) lib/active_support/callbacks.rb:778:in `_run_call_callbacks'
  activesupport (4.2.4) lib/active_support/callbacks.rb:81:in `run_callbacks'
  actionpack (4.2.4) lib/action_dispatch/middleware/callbacks.rb:27:in `call'
  actionpack (4.2.4) lib/action_dispatch/middleware/reloader.rb:73:in `call'
  actionpack (4.2.4) lib/action_dispatch/middleware/remote_ip.rb:78:in `call'
  actionpack (4.2.4) lib/action_dispatch/middleware/debug_exceptions.rb:17:in `call'
  web-console (2.2.1) lib/web_console/middleware.rb:39:in `call'
  actionpack (4.2.4) lib/action_dispatch/middleware/show_exceptions.rb:30:in `call'
  railties (4.2.4) lib/rails/rack/logger.rb:38:in `call_app'
  railties (4.2.4) lib/rails/rack/logger.rb:20:in `block in call'
  activesupport (4.2.4) lib/active_support/tagged_logging.rb:68:in `block in tagged'
  activesupport (4.2.4) lib/active_support/tagged_logging.rb:26:in `tagged'
  activesupport (4.2.4) lib/active_support/tagged_logging.rb:68:in `tagged'
  railties (4.2.4) lib/rails/rack/logger.rb:20:in `call'
  actionpack (4.2.4) lib/action_dispatch/middleware/request_id.rb:21:in `call'
  rack (1.6.4) lib/rack/methodoverride.rb:22:in `call'
  rack (1.6.4) lib/rack/runtime.rb:18:in `call'
  activesupport (4.2.4) lib/active_support/cache/strategy/local_cache_middleware.rb:28:in `call'
  rack (1.6.4) lib/rack/lock.rb:17:in `call'
  actionpack (4.2.4) lib/action_dispatch/middleware/static.rb:116:in `call'
  rack (1.6.4) lib/rack/sendfile.rb:113:in `call'
  railties (4.2.4) lib/rails/engine.rb:518:in `call'
  railties (4.2.4) lib/rails/application.rb:165:in `call'
  rack (1.6.4) lib/rack/lock.rb:17:in `call'
  rack (1.6.4) lib/rack/content_length.rb:15:in `call'
  rack (1.6.4) lib/rack/handler/webrick.rb:88:in `service'
  /Users/Yasser/.rvm/rubies/ruby-2.2.1/lib/ruby/2.2.0/webrick/httpserver.rb:138:in `service'
  /Users/Yasser/.rvm/rubies/ruby-2.2.1/lib/ruby/2.2.0/webrick/httpserver.rb:94:in `run'
  /Users/Yasser/.rvm/rubies/ruby-2.2.1/lib/ruby/2.2.0/webrick/server.rb:294:in `block in start_thread'


  Rendered /Users/Yasser/.rvm/gems/ruby-2.2.1@global/gems/actionpack-4.2.4/lib/action_dispatch/middleware/templates/rescues/_source.erb (3.3ms)
  Rendered /Users/Yasser/.rvm/gems/ruby-2.2.1@global/gems/actionpack-4.2.4/lib/action_dispatch/middleware/templates/rescues/_trace.html.erb (1.3ms)
  Rendered /Users/Yasser/.rvm/gems/ruby-2.2.1@global/gems/actionpack-4.2.4/lib/action_dispatch/middleware/templates/rescues/_request_and_response.html.erb (0.7ms)
  Rendered /Users/Yasser/.rvm/gems/ruby-2.2.1@global/gems/actionpack-4.2.4/lib/action_dispatch/middleware/templates/rescues/diagnostics.html.erb within rescues/layout (53.0ms)
  Rendered /Users/Yasser/.rvm/gems/ruby-2.2.1/gems/web-console-2.2.1/lib/web_console/templates/_markup.html.erb (0.3ms)
  Rendered /Users/Yasser/.rvm/gems/ruby-2.2.1/gems/web-console-2.2.1/lib/web_console/templates/_inner_console_markup.html.erb within layouts/inlined_string (0.2ms)
  Rendered /Users/Yasser/.rvm/gems/ruby-2.2.1/gems/web-console-2.2.1/lib/web_console/templates/_prompt_box_markup.html.erb within layouts/inlined_string (0.3ms)
  Rendered /Users/Yasser/.rvm/gems/ruby-2.2.1/gems/web-console-2.2.1/lib/web_console/templates/style.css.erb within layouts/inlined_string (0.3ms)
  Rendered /Users/Yasser/.rvm/gems/ruby-2.2.1/gems/web-console-2.2.1/lib/web_console/templates/console.js.erb within layouts/javascript (33.8ms)
  Rendered /Users/Yasser/.rvm/gems/ruby-2.2.1/gems/web-console-2.2.1/lib/web_console/templates/main.js.erb within layouts/javascript (0.2ms)
  Rendered /Users/Yasser/.rvm/gems/ruby-2.2.1/gems/web-console-2.2.1/lib/web_console/templates/error_page.js.erb within layouts/javascript (0.3ms)
  Rendered /Users/Yasser/.rvm/gems/ruby-2.2.1/gems/web-console-2.2.1/lib/web_console/templates/index.html.erb (73.6ms)


Started GET "/auth/facebook/callback?code=AQADQfQtv3tQwVzvLDD_NsOb1WL8ZEJz9scmvXrYyI32Ax5oFkanIAd7WkPsyyoAh7d-WRUTHAR0935hp8gyfNo-62hF7QzTO-pb2zGrUKE9lE0njmpqSYELm05J_M4mtypD6vI9fDk4m68DxzgDxgFWERXElGUo9KW2twIxbfzw6o0KmnlUa-hlSW1SLKSnt-TPdw10M-pvJ9jclXvrcmHLk5NbooTzTiR2unXivlAswwwSGVPpM4gjV9LpbK8CeYB0cFi_i6cY4bKHF8Zu2Y5fvj_QunKGMVapllXYevM2cor6fqt1TSsa6cmSW331LWo&state=80560f0bca9218c663799c73a4cb6b98edd8598fa27028da" for ::1 at 2015-12-15 18:15:56 +0200
(facebook) Callback phase initiated.
(facebook) Authentication failure! csrf_detected: OmniAuth::Strategies::OAuth2::CallbackError, csrf_detected | CSRF detected
(facebook) Authentication failure! invalid_credentials: OmniAuth::Strategies::OAuth2::CallbackError, csrf_detected | CSRF detected

OmniAuth::Strategies::OAuth2::CallbackError (csrf_detected | CSRF detected):
  omniauth (1.2.2) lib/omniauth/failure_endpoint.rb:25:in `raise_out!'
  omniauth (1.2.2) lib/omniauth/failure_endpoint.rb:20:in `call'
  omniauth (1.2.2) lib/omniauth/failure_endpoint.rb:12:in `call'
  omniauth (1.2.2) lib/omniauth/strategy.rb:475:in `fail!'
  omniauth-oauth2 (1.1.2) lib/omniauth/strategies/oauth2.rb:73:in `callback_phase'
  omniauth (1.2.2) lib/omniauth/strategy.rb:227:in `callback_call'
  omniauth (1.2.2) lib/omniauth/strategy.rb:184:in `call!'
  omniauth (1.2.2) lib/omniauth/strategy.rb:164:in `call'
  omniauth (1.2.2) lib/omniauth/builder.rb:59:in `call'
  rack (1.6.4) lib/rack/etag.rb:24:in `call'
  rack (1.6.4) lib/rack/conditionalget.rb:25:in `call'
  rack (1.6.4) lib/rack/head.rb:13:in `call'
  actionpack (4.2.4) lib/action_dispatch/middleware/params_parser.rb:27:in `call'
  actionpack (4.2.4) lib/action_dispatch/middleware/flash.rb:260:in `call'
  rack (1.6.4) lib/rack/session/abstract/id.rb:225:in `context'
  rack (1.6.4) lib/rack/session/abstract/id.rb:220:in `call'
  actionpack (4.2.4) lib/action_dispatch/middleware/cookies.rb:560:in `call'
  activerecord (4.2.4) lib/active_record/query_cache.rb:36:in `call'
  activerecord (4.2.4) lib/active_record/connection_adapters/abstract/connection_pool.rb:653:in `call'
  activerecord (4.2.4) lib/active_record/migration.rb:377:in `call'
  actionpack (4.2.4) lib/action_dispatch/middleware/callbacks.rb:29:in `block in call'
  activesupport (4.2.4) lib/active_support/callbacks.rb:88:in `__run_callbacks__'
  activesupport (4.2.4) lib/active_support/callbacks.rb:778:in `_run_call_callbacks'
  activesupport (4.2.4) lib/active_support/callbacks.rb:81:in `run_callbacks'
  actionpack (4.2.4) lib/action_dispatch/middleware/callbacks.rb:27:in `call'
  actionpack (4.2.4) lib/action_dispatch/middleware/reloader.rb:73:in `call'
  actionpack (4.2.4) lib/action_dispatch/middleware/remote_ip.rb:78:in `call'
  actionpack (4.2.4) lib/action_dispatch/middleware/debug_exceptions.rb:17:in `call'
  web-console (2.2.1) lib/web_console/middleware.rb:39:in `call'
  actionpack (4.2.4) lib/action_dispatch/middleware/show_exceptions.rb:30:in `call'
  railties (4.2.4) lib/rails/rack/logger.rb:38:in `call_app'
  railties (4.2.4) lib/rails/rack/logger.rb:20:in `block in call'
  activesupport (4.2.4) lib/active_support/tagged_logging.rb:68:in `block in tagged'
  activesupport (4.2.4) lib/active_support/tagged_logging.rb:26:in `tagged'
  activesupport (4.2.4) lib/active_support/tagged_logging.rb:68:in `tagged'
  railties (4.2.4) lib/rails/rack/logger.rb:20:in `call'
  actionpack (4.2.4) lib/action_dispatch/middleware/request_id.rb:21:in `call'
  rack (1.6.4) lib/rack/methodoverride.rb:22:in `call'
  rack (1.6.4) lib/rack/runtime.rb:18:in `call'
  activesupport (4.2.4) lib/active_support/cache/strategy/local_cache_middleware.rb:28:in `call'
  rack (1.6.4) lib/rack/lock.rb:17:in `call'
  actionpack (4.2.4) lib/action_dispatch/middleware/static.rb:116:in `call'
  rack (1.6.4) lib/rack/sendfile.rb:113:in `call'
  railties (4.2.4) lib/rails/engine.rb:518:in `call'
  railties (4.2.4) lib/rails/application.rb:165:in `call'
  rack (1.6.4) lib/rack/lock.rb:17:in `call'
  rack (1.6.4) lib/rack/content_length.rb:15:in `call'
  rack (1.6.4) lib/rack/handler/webrick.rb:88:in `service'
  /Users/Yasser/.rvm/rubies/ruby-2.2.1/lib/ruby/2.2.0/webrick/httpserver.rb:138:in `service'
  /Users/Yasser/.rvm/rubies/ruby-2.2.1/lib/ruby/2.2.0/webrick/httpserver.rb:94:in `run'
  /Users/Yasser/.rvm/rubies/ruby-2.2.1/lib/ruby/2.2.0/webrick/server.rb:294:in `block in start_thread'


  Rendered /Users/Yasser/.rvm/gems/ruby-2.2.1@global/gems/actionpack-4.2.4/lib/action_dispatch/middleware/templates/rescues/_source.erb (2.3ms)
  Rendered /Users/Yasser/.rvm/gems/ruby-2.2.1@global/gems/actionpack-4.2.4/lib/action_dispatch/middleware/templates/rescues/_trace.html.erb (1.4ms)
  Rendered /Users/Yasser/.rvm/gems/ruby-2.2.1@global/gems/actionpack-4.2.4/lib/action_dispatch/middleware/templates/rescues/_request_and_response.html.erb (0.8ms)
  Rendered /Users/Yasser/.rvm/gems/ruby-2.2.1@global/gems/actionpack-4.2.4/lib/action_dispatch/middleware/templates/rescues/diagnostics.html.erb within rescues/layout (49.0ms)
  Rendered /Users/Yasser/.rvm/gems/ruby-2.2.1/gems/web-console-2.2.1/lib/web_console/templates/_markup.html.erb (0.3ms)
  Rendered /Users/Yasser/.rvm/gems/ruby-2.2.1/gems/web-console-2.2.1/lib/web_console/templates/_inner_console_markup.html.erb within layouts/inlined_string (0.4ms)
  Rendered /Users/Yasser/.rvm/gems/ruby-2.2.1/gems/web-console-2.2.1/lib/web_console/templates/_prompt_box_markup.html.erb within layouts/inlined_string (0.2ms)
  Rendered /Users/Yasser/.rvm/gems/ruby-2.2.1/gems/web-console-2.2.1/lib/web_console/templates/style.css.erb within layouts/inlined_string (0.3ms)
  Rendered /Users/Yasser/.rvm/gems/ruby-2.2.1/gems/web-console-2.2.1/lib/web_console/templates/console.js.erb within layouts/javascript (36.9ms)
  Rendered /Users/Yasser/.rvm/gems/ruby-2.2.1/gems/web-console-2.2.1/lib/web_console/templates/main.js.erb within layouts/javascript (0.2ms)
  Rendered /Users/Yasser/.rvm/gems/ruby-2.2.1/gems/web-console-2.2.1/lib/web_console/templates/error_page.js.erb within layouts/javascript (0.3ms)
  Rendered /Users/Yasser/.rvm/gems/ruby-2.2.1/gems/web-console-2.2.1/lib/web_console/templates/index.html.erb (79.2ms)


Started GET "/" for ::1 at 2015-12-15 18:16:06 +0200
Processing by HomeController#show as HTML
  Rendered home/show.html.erb within layouts/application (0.0ms)
Completed 200 OK in 37ms (Views: 36.5ms | ActiveRecord: 0.0ms)


Started GET "/auth/facebook" for ::1 at 2015-12-15 18:16:07 +0200
(facebook) Request phase initiated.


Started GET "/auth/facebook" for ::1 at 2015-12-15 18:16:08 +0200
(facebook) Request phase initiated.


Started GET "/auth/facebook/callback?code=AQCjFGHIgOowQtVBz3c8xmypczCbTOpL1Dxjs0YA9lzuOLaZEppc8s983xy6vHwLQPUqx2aPvPKj0wY26pgw0W2Yj-viy0dgSAYuHHPD4Z-UA6PON02li5ryBSlHBbNeHTj8yt2zcRKFmcR-uC0EOiEWoM1ps9GLnRv_HAtsmCeqk5AJiNQSM77w4i2jIlSpN5E9cXuy-ry3W5D7nbtM6fDI9jMEg3MIbKrRCBd59cvBiIctAeWT21T3EgIoYjxMTidTfdW7kpz7Hc5x724_ZQF5IQUBNsBaiMCaa7vlMCR2TTji508QGGwqnKodqNcxITU&state=4475113938dc3a5b740f2185fb1f9ab21dc0d3445b8c7656" for ::1 at 2015-12-15 18:16:08 +0200
(facebook) Callback phase initiated.
Processing by SessionsController#create as HTML
  Parameters: {"code"=>"AQCjFGHIgOowQtVBz3c8xmypczCbTOpL1Dxjs0YA9lzuOLaZEppc8s983xy6vHwLQPUqx2aPvPKj0wY26pgw0W2Yj-viy0dgSAYuHHPD4Z-UA6PON02li5ryBSlHBbNeHTj8yt2zcRKFmcR-uC0EOiEWoM1ps9GLnRv_HAtsmCeqk5AJiNQSM77w4i2jIlSpN5E9cXuy-ry3W5D7nbtM6fDI9jMEg3MIbKrRCBd59cvBiIctAeWT21T3EgIoYjxMTidTfdW7kpz7Hc5x724_ZQF5IQUBNsBaiMCaa7vlMCR2TTji508QGGwqnKodqNcxITU", "state"=>"4475113938dc3a5b740f2185fb1f9ab21dc0d3445b8c7656", "provider"=>"facebook"}
Completed 500 Internal Server Error in 2ms (ActiveRecord: 0.0ms)

ActiveModel::ForbiddenAttributesError (ActiveModel::ForbiddenAttributesError):
  app/models/user.rb:3:in `from_omniauth'
  app/controllers/sessions_controller.rb:3:in `create'


  Rendered /Users/Yasser/.rvm/gems/ruby-2.2.1@global/gems/actionpack-4.2.4/lib/action_dispatch/middleware/templates/rescues/_source.erb (4.2ms)
  Rendered /Users/Yasser/.rvm/gems/ruby-2.2.1@global/gems/actionpack-4.2.4/lib/action_dispatch/middleware/templates/rescues/_trace.html.erb (2.2ms)
  Rendered /Users/Yasser/.rvm/gems/ruby-2.2.1@global/gems/actionpack-4.2.4/lib/action_dispatch/middleware/templates/rescues/_request_and_response.html.erb (0.8ms)
  Rendered /Users/Yasser/.rvm/gems/ruby-2.2.1@global/gems/actionpack-4.2.4/lib/action_dispatch/middleware/templates/rescues/diagnostics.html.erb within rescues/layout (53.4ms)
  Rendered /Users/Yasser/.rvm/gems/ruby-2.2.1/gems/web-console-2.2.1/lib/web_console/templates/_markup.html.erb (0.3ms)
  Rendered /Users/Yasser/.rvm/gems/ruby-2.2.1/gems/web-console-2.2.1/lib/web_console/templates/_inner_console_markup.html.erb within layouts/inlined_string (0.3ms)
  Rendered /Users/Yasser/.rvm/gems/ruby-2.2.1/gems/web-console-2.2.1/lib/web_console/templates/_prompt_box_markup.html.erb within layouts/inlined_string (0.3ms)
  Rendered /Users/Yasser/.rvm/gems/ruby-2.2.1/gems/web-console-2.2.1/lib/web_console/templates/style.css.erb within layouts/inlined_string (0.3ms)
  Rendered /Users/Yasser/.rvm/gems/ruby-2.2.1/gems/web-console-2.2.1/lib/web_console/templates/console.js.erb within layouts/javascript (38.7ms)
  Rendered /Users/Yasser/.rvm/gems/ruby-2.2.1/gems/web-console-2.2.1/lib/web_console/templates/main.js.erb within layouts/javascript (0.2ms)
  Rendered /Users/Yasser/.rvm/gems/ruby-2.2.1/gems/web-console-2.2.1/lib/web_console/templates/error_page.js.erb within layouts/javascript (0.4ms)
  Rendered /Users/Yasser/.rvm/gems/ruby-2.2.1/gems/web-console-2.2.1/lib/web_console/templates/index.html.erb (84.9ms)


Started GET "/auth/facebook" for ::1 at 2015-12-15 18:20:16 +0200
(facebook) Request phase initiated.


Started GET "/auth/facebook" for ::1 at 2015-12-15 18:20:19 +0200
(facebook) Request phase initiated.


Started GET "/auth/facebook/callback?code=AQCPlfzJcKNe2YCJHaOZYu-MtAoQfe7iJDIvlazKDK7PhkVPABTZzuacPjUpjd73Lle8j7UdYw3QtDry6_S_KQy1D9Mi6Rwh74djQEhCvTZVH9jHp2eLf35bzoMhjC-09uOsGCH6SDhNyEw35SWNyjFbPKXR8NVfhhgT5ijuqIi-aLoHpQya16uTMtlncR9UhCHwod6Za0OK6l1IRheADQkVDJf_buTjRbwTDuF_MPZNMoZTSAw3Htcev6E5Li-onNj1PishOpVlvbGXUgtzblWI-v5hczESnmcvl4MohYzvt5gmFJ8M7lXpMIHmR5vxP_I&state=64c0e733249f10695b1d9f4b0d3ae850fef44414271d0f9e" for ::1 at 2015-12-15 18:20:20 +0200
(facebook) Callback phase initiated.
Processing by SessionsController#create as HTML
  Parameters: {"code"=>"AQCPlfzJcKNe2YCJHaOZYu-MtAoQfe7iJDIvlazKDK7PhkVPABTZzuacPjUpjd73Lle8j7UdYw3QtDry6_S_KQy1D9Mi6Rwh74djQEhCvTZVH9jHp2eLf35bzoMhjC-09uOsGCH6SDhNyEw35SWNyjFbPKXR8NVfhhgT5ijuqIi-aLoHpQya16uTMtlncR9UhCHwod6Za0OK6l1IRheADQkVDJf_buTjRbwTDuF_MPZNMoZTSAw3Htcev6E5Li-onNj1PishOpVlvbGXUgtzblWI-v5hczESnmcvl4MohYzvt5gmFJ8M7lXpMIHmR5vxP_I", "state"=>"64c0e733249f10695b1d9f4b0d3ae850fef44414271d0f9e", "provider"=>"facebook"}
  [1m[35mUser Load (0.5ms)[0m  SELECT  "users".* FROM "users" WHERE "users"."provider" = ? AND "users"."uid" = ?  ORDER BY "users"."id" ASC LIMIT 1  [["provider", "facebook"], ["uid", "10153202724446434"]]
  [1m[36m (0.1ms)[0m  [1mbegin transaction[0m
  [1m[35mSQL (0.7ms)[0m  INSERT INTO "users" ("provider", "uid", "name", "oauth_token", "oauth_expires_at", "created_at", "updated_at") VALUES (?, ?, ?, ?, ?, ?, ?)  [["provider", "facebook"], ["uid", "10153202724446434"], ["name", "Yasser Abouel-Saad"], ["oauth_token", "CAAYKcZBpjpggBAJ5Ja1JBYSIlzHiPd7jgvUr6OksFO3dJLivXtReTWt2ZAWyVm4xkITpZAwZAjZAyE1ymMPnr8Ry78DG4NE6sANiiOIKn6jiZCaZB6wQdwffZAtPf7GWg9u7PSfdjiGD7qYZBtKrY7nf2wZCSZBjP5KbQs8QEmvDOy6VsY20yKphfMPmnU3ERkj6ft8hagOpIvF3wZDZD"], ["oauth_expires_at", "2016-02-13 16:15:15.000000"], ["created_at", "2015-12-15 16:20:23.631479"], ["updated_at", "2015-12-15 16:20:23.631479"]]
  [1m[36m (0.7ms)[0m  [1mcommit transaction[0m
Redirected to http://localhost:3000/
Completed 302 Found in 16ms (ActiveRecord: 2.4ms)


Started GET "/" for ::1 at 2015-12-15 18:20:23 +0200
Processing by HomeController#show as HTML
  Rendered home/show.html.erb within layouts/application (0.0ms)
  [1m[35mUser Load (0.1ms)[0m  SELECT  "users".* FROM "users" WHERE "users"."id" = ? LIMIT 1  [["id", 1]]
Completed 200 OK in 26ms (Views: 25.3ms | ActiveRecord: 0.1ms)


Started GET "/signout" for ::1 at 2015-12-15 18:20:36 +0200
Processing by SessionsController#destroy as HTML
Redirected to http://localhost:3000/
Completed 302 Found in 1ms (ActiveRecord: 0.0ms)


Started GET "/" for ::1 at 2015-12-15 18:20:36 +0200
Processing by HomeController#show as HTML
  Rendered home/show.html.erb within layouts/application (0.3ms)
Completed 200 OK in 34ms (Views: 33.8ms | ActiveRecord: 0.0ms)


Started GET "/auth/facebook" for ::1 at 2015-12-15 18:20:38 +0200
(facebook) Request phase initiated.


Started GET "/auth/facebook" for ::1 at 2015-12-15 18:20:39 +0200
(facebook) Request phase initiated.


Started GET "/auth/facebook/callback?code=AQB7ZVfdWGAKilBggFt86QZ1R-2UmhaAsHChrFbJYyCDSo4WSckomDA8IIOuKK7iqpKYGfhHDx9KzmWVtf0_hi8M9JZAfFPTuyFsAFEIHp18p0fa2a2YEJEjuqR_nK3t_4WWsFWpUDeb0LKmX-M8YLvPmAYoL_5Tkp5j1uhj7YDt8EzJ4nVcMCzqDuAHBVfGncjWS5pCf11C5bHqMOeSqXzLR8iQUII9FWEKV32BWWjv6fdXwylUnf-N9ncOC2ADT7LdbPetqdu4VbJoJxC1wtQLA7y18cdDp_afCerTc_k9BUIephZ8DeCdQZ3e7VPm83E&state=76f23c2faa96a0380b3f574fbc99ec2edbeed5160ab53d81" for ::1 at 2015-12-15 18:20:41 +0200
(facebook) Callback phase initiated.
Processing by SessionsController#create as HTML
  Parameters: {"code"=>"AQB7ZVfdWGAKilBggFt86QZ1R-2UmhaAsHChrFbJYyCDSo4WSckomDA8IIOuKK7iqpKYGfhHDx9KzmWVtf0_hi8M9JZAfFPTuyFsAFEIHp18p0fa2a2YEJEjuqR_nK3t_4WWsFWpUDeb0LKmX-M8YLvPmAYoL_5Tkp5j1uhj7YDt8EzJ4nVcMCzqDuAHBVfGncjWS5pCf11C5bHqMOeSqXzLR8iQUII9FWEKV32BWWjv6fdXwylUnf-N9ncOC2ADT7LdbPetqdu4VbJoJxC1wtQLA7y18cdDp_afCerTc_k9BUIephZ8DeCdQZ3e7VPm83E", "state"=>"76f23c2faa96a0380b3f574fbc99ec2edbeed5160ab53d81", "provider"=>"facebook"}
  [1m[36mUser Load (0.1ms)[0m  [1mSELECT  "users".* FROM "users" WHERE "users"."provider" = ? AND "users"."uid" = ?  ORDER BY "users"."id" ASC LIMIT 1[0m  [["provider", "facebook"], ["uid", "10153202724446434"]]
Redirected to http://localhost:3000/
Completed 302 Found in 2ms (ActiveRecord: 0.1ms)


Started GET "/" for ::1 at 2015-12-15 18:20:45 +0200
Processing by HomeController#show as HTML
  Rendered home/show.html.erb within layouts/application (0.0ms)
  [1m[35mUser Load (0.1ms)[0m  SELECT  "users".* FROM "users" WHERE "users"."id" = ? LIMIT 1  [["id", 1]]
Completed 200 OK in 33ms (Views: 32.7ms | ActiveRecord: 0.1ms)


Started GET "/signout" for ::1 at 2015-12-15 18:20:55 +0200
Processing by SessionsController#destroy as HTML
Redirected to http://localhost:3000/
Completed 302 Found in 1ms (ActiveRecord: 0.0ms)


Started GET "/" for ::1 at 2015-12-15 18:20:55 +0200
Processing by HomeController#show as HTML
  Rendered home/show.html.erb within layouts/application (0.0ms)
Completed 200 OK in 28ms (Views: 27.6ms | ActiveRecord: 0.0ms)


Started GET "/auth/facebook" for ::1 at 2015-12-15 18:20:57 +0200
(facebook) Request phase initiated.


Started GET "/auth/facebook" for ::1 at 2015-12-15 18:20:58 +0200
(facebook) Request phase initiated.


Started GET "/auth/facebook/callback?code=AQAupn3aqRrO5Ky24zgB8z7goiyjZ2aamiwh-C57knApQY-5waELk5ZaIIaTGtPskVi5MXuzFJtSbIPO0VhUuGukUKoXgy2RQ6c2tvD6u_AYPfjWfzPMSr7TqmQmoN_wA__h28kai3yVLEuwWrO7hkgNKiGXv0AWexoUCdPZ4NTfZDrzaIx1_hDrzTa0xbd4Oao4b6Yt1OcHnYPoOAk57b8Ydpag2vc20iNkReccC_AxZ3DqcAB4f64tGFLJROCJfbY_2NnQ7xc1-d_-Rz1Pb-FUDOJtnHUgP1S01ELUX2MdkPnm_LOlOHAX7IXbNa6YIvE&state=fe48e11283c07c9524dacf8feb891a246fa7abcafd920924" for ::1 at 2015-12-15 18:20:59 +0200
(facebook) Callback phase initiated.
Processing by SessionsController#create as HTML
  Parameters: {"code"=>"AQAupn3aqRrO5Ky24zgB8z7goiyjZ2aamiwh-C57knApQY-5waELk5ZaIIaTGtPskVi5MXuzFJtSbIPO0VhUuGukUKoXgy2RQ6c2tvD6u_AYPfjWfzPMSr7TqmQmoN_wA__h28kai3yVLEuwWrO7hkgNKiGXv0AWexoUCdPZ4NTfZDrzaIx1_hDrzTa0xbd4Oao4b6Yt1OcHnYPoOAk57b8Ydpag2vc20iNkReccC_AxZ3DqcAB4f64tGFLJROCJfbY_2NnQ7xc1-d_-Rz1Pb-FUDOJtnHUgP1S01ELUX2MdkPnm_LOlOHAX7IXbNa6YIvE", "state"=>"fe48e11283c07c9524dacf8feb891a246fa7abcafd920924", "provider"=>"facebook"}
  [1m[36mUser Load (0.1ms)[0m  [1mSELECT  "users".* FROM "users" WHERE "users"."provider" = ? AND "users"."uid" = ?  ORDER BY "users"."id" ASC LIMIT 1[0m  [["provider", "facebook"], ["uid", "10153202724446434"]]
Redirected to http://localhost:3000/
Completed 302 Found in 2ms (ActiveRecord: 0.1ms)


Started GET "/" for ::1 at 2015-12-15 18:21:02 +0200
Processing by HomeController#show as HTML
  Rendered home/show.html.erb within layouts/application (0.0ms)
  [1m[35mUser Load (0.1ms)[0m  SELECT  "users".* FROM "users" WHERE "users"."id" = ? LIMIT 1  [["id", 1]]
Completed 200 OK in 38ms (Views: 37.1ms | ActiveRecord: 0.1ms)
  [1m[36m (208.5ms)[0m  [1mCREATE TABLE "schema_migrations" ("version" varchar NOT NULL) [0m
  [1m[35m (0.0ms)[0m  select sqlite_version(*)
  [1m[36m (226.6ms)[0m  [1mCREATE UNIQUE INDEX "unique_schema_migrations" ON "schema_migrations" ("version")[0m
  [1m[35mActiveRecord::SchemaMigration Load (1.0ms)[0m  SELECT "schema_migrations".* FROM "schema_migrations"
Migrating to CreateEvents (20151215154911)
  [1m[36m (0.0ms)[0m  [1mbegin transaction[0m
  [1m[35m (1.0ms)[0m  CREATE TABLE "events" ("id" INTEGER PRIMARY KEY AUTOINCREMENT NOT NULL, "title" varchar, "description" varchar, "place" varchar, "time" datetime, "created_at" datetime NOT NULL, "updated_at" datetime NOT NULL) 
  [1m[36mSQL (0.0ms)[0m  [1mINSERT INTO "schema_migrations" ("version") VALUES (?)[0m  [["version", "20151215154911"]]
  [1m[35m (109.6ms)[0m  commit transaction
Migrating to CreateUsers (20151215155203)
  [1m[36m (0.0ms)[0m  [1mbegin transaction[0m
  [1m[35m (2.0ms)[0m  CREATE TABLE "users" ("id" INTEGER PRIMARY KEY AUTOINCREMENT NOT NULL, "provider" varchar, "uid" varchar, "name" varchar, "oauth_token" varchar, "oauth_expires_at" datetime, "created_at" datetime NOT NULL, "updated_at" datetime NOT NULL) 
  [1m[36mSQL (1.0ms)[0m  [1mINSERT INTO "schema_migrations" ("version") VALUES (?)[0m  [["version", "20151215155203"]]
  [1m[35m (134.0ms)[0m  commit transaction
Migrating to CreateTasks (20151215155304)
  [1m[36m (1.0ms)[0m  [1mbegin transaction[0m
  [1m[35m (1.0ms)[0m  CREATE TABLE "tasks" ("id" INTEGER PRIMARY KEY AUTOINCREMENT NOT NULL, "title" varchar, "description" varchar, "status" varchar, "created_at" datetime NOT NULL, "updated_at" datetime NOT NULL) 
  [1m[36mSQL (0.0ms)[0m  [1mINSERT INTO "schema_migrations" ("version") VALUES (?)[0m  [["version", "20151215155304"]]
  [1m[35m (100.0ms)[0m  commit transaction
  [1m[36mActiveRecord::SchemaMigration Load (0.0ms)[0m  [1mSELECT "schema_migrations".* FROM "schema_migrations"[0m


Started GET "/" for 127.0.0.1 at 2015-12-15 19:00:26 +0200

ActiveRecord::PendingMigrationError (

Migrations are pending. To resolve this issue, run:

	bin/rake db:migrate RAILS_ENV=development

):
  activerecord (4.2.4) lib/active_record/migration.rb:392:in `check_pending!'
  activerecord (4.2.4) lib/active_record/migration.rb:373:in `call'
  actionpack (4.2.4) lib/action_dispatch/middleware/callbacks.rb:29:in `block in call'
  activesupport (4.2.4) lib/active_support/callbacks.rb:88:in `__run_callbacks__'
  activesupport (4.2.4) lib/active_support/callbacks.rb:778:in `_run_call_callbacks'
  activesupport (4.2.4) lib/active_support/callbacks.rb:81:in `run_callbacks'
  actionpack (4.2.4) lib/action_dispatch/middleware/callbacks.rb:27:in `call'
  actionpack (4.2.4) lib/action_dispatch/middleware/reloader.rb:73:in `call'
  actionpack (4.2.4) lib/action_dispatch/middleware/remote_ip.rb:78:in `call'
  actionpack (4.2.4) lib/action_dispatch/middleware/debug_exceptions.rb:17:in `call'
  web-console (2.2.1) lib/web_console/middleware.rb:39:in `call'
  actionpack (4.2.4) lib/action_dispatch/middleware/show_exceptions.rb:30:in `call'
  railties (4.2.4) lib/rails/rack/logger.rb:38:in `call_app'
  railties (4.2.4) lib/rails/rack/logger.rb:20:in `block in call'
  activesupport (4.2.4) lib/active_support/tagged_logging.rb:68:in `block in tagged'
  activesupport (4.2.4) lib/active_support/tagged_logging.rb:26:in `tagged'
  activesupport (4.2.4) lib/active_support/tagged_logging.rb:68:in `tagged'
  railties (4.2.4) lib/rails/rack/logger.rb:20:in `call'
  actionpack (4.2.4) lib/action_dispatch/middleware/request_id.rb:21:in `call'
  rack (1.6.4) lib/rack/methodoverride.rb:22:in `call'
  rack (1.6.4) lib/rack/runtime.rb:18:in `call'
  activesupport (4.2.4) lib/active_support/cache/strategy/local_cache_middleware.rb:28:in `call'
  rack (1.6.4) lib/rack/lock.rb:17:in `call'
  actionpack (4.2.4) lib/action_dispatch/middleware/static.rb:116:in `call'
  rack (1.6.4) lib/rack/sendfile.rb:113:in `call'
  railties (4.2.4) lib/rails/engine.rb:518:in `call'
  railties (4.2.4) lib/rails/application.rb:165:in `call'
  rack (1.6.4) lib/rack/lock.rb:17:in `call'
  rack (1.6.4) lib/rack/content_length.rb:15:in `call'
  rack (1.6.4) lib/rack/handler/webrick.rb:88:in `service'
  C:/RailsInstaller/Ruby2.1.0/lib/ruby/2.1.0/webrick/httpserver.rb:138:in `service'
  C:/RailsInstaller/Ruby2.1.0/lib/ruby/2.1.0/webrick/httpserver.rb:94:in `run'
  C:/RailsInstaller/Ruby2.1.0/lib/ruby/2.1.0/webrick/server.rb:295:in `block in start_thread'


  Rendered C:/RailsInstaller/Ruby2.1.0/lib/ruby/gems/2.1.0/gems/actionpack-4.2.4/lib/action_dispatch/middleware/templates/rescues/_source.erb (0.0ms)
  Rendered C:/RailsInstaller/Ruby2.1.0/lib/ruby/gems/2.1.0/gems/actionpack-4.2.4/lib/action_dispatch/middleware/templates/rescues/_trace.html.erb (2.0ms)
  Rendered C:/RailsInstaller/Ruby2.1.0/lib/ruby/gems/2.1.0/gems/actionpack-4.2.4/lib/action_dispatch/middleware/templates/rescues/_request_and_response.html.erb (1.0ms)
  Rendered C:/RailsInstaller/Ruby2.1.0/lib/ruby/gems/2.1.0/gems/actionpack-4.2.4/lib/action_dispatch/middleware/templates/rescues/diagnostics.html.erb within rescues/layout (114.1ms)
  Rendered C:/RailsInstaller/Ruby2.1.0/lib/ruby/gems/2.1.0/gems/web-console-2.2.1/lib/web_console/templates/_markup.html.erb (0.0ms)
  Rendered C:/RailsInstaller/Ruby2.1.0/lib/ruby/gems/2.1.0/gems/web-console-2.2.1/lib/web_console/templates/_inner_console_markup.html.erb within layouts/inlined_string (0.0ms)
  Rendered C:/RailsInstaller/Ruby2.1.0/lib/ruby/gems/2.1.0/gems/web-console-2.2.1/lib/web_console/templates/_prompt_box_markup.html.erb within layouts/inlined_string (0.0ms)
  Rendered C:/RailsInstaller/Ruby2.1.0/lib/ruby/gems/2.1.0/gems/web-console-2.2.1/lib/web_console/templates/style.css.erb within layouts/inlined_string (0.0ms)
  Rendered C:/RailsInstaller/Ruby2.1.0/lib/ruby/gems/2.1.0/gems/web-console-2.2.1/lib/web_console/templates/console.js.erb within layouts/javascript (114.3ms)
  Rendered C:/RailsInstaller/Ruby2.1.0/lib/ruby/gems/2.1.0/gems/web-console-2.2.1/lib/web_console/templates/main.js.erb within layouts/javascript (1.0ms)
  Rendered C:/RailsInstaller/Ruby2.1.0/lib/ruby/gems/2.1.0/gems/web-console-2.2.1/lib/web_console/templates/error_page.js.erb within layouts/javascript (1.0ms)
  Rendered C:/RailsInstaller/Ruby2.1.0/lib/ruby/gems/2.1.0/gems/web-console-2.2.1/lib/web_console/templates/index.html.erb (228.7ms)
  [1m[36m (58.3ms)[0m  [1mCREATE TABLE "schema_migrations" ("version" varchar NOT NULL) [0m
  [1m[35m (0.0ms)[0m  select sqlite_version(*)
  [1m[36m (65.7ms)[0m  [1mCREATE UNIQUE INDEX "unique_schema_migrations" ON "schema_migrations" ("version")[0m
  [1m[35mActiveRecord::SchemaMigration Load (0.0ms)[0m  SELECT "schema_migrations".* FROM "schema_migrations"
Migrating to CreateEvents (20151215154911)
  [1m[36m (0.0ms)[0m  [1mbegin transaction[0m
  [1m[35m (1.0ms)[0m  CREATE TABLE "events" ("id" INTEGER PRIMARY KEY AUTOINCREMENT NOT NULL, "title" varchar, "description" varchar, "place" varchar, "time" datetime, "created_at" datetime NOT NULL, "updated_at" datetime NOT NULL) 
  [1m[36mSQL (0.0ms)[0m  [1mINSERT INTO "schema_migrations" ("version") VALUES (?)[0m  [["version", "20151215154911"]]
  [1m[35m (135.4ms)[0m  commit transaction
Migrating to CreateUsers (20151215155203)
  [1m[36m (0.0ms)[0m  [1mbegin transaction[0m
  [1m[35m (2.0ms)[0m  CREATE TABLE "users" ("id" INTEGER PRIMARY KEY AUTOINCREMENT NOT NULL, "provider" varchar, "uid" varchar, "name" varchar, "oauth_token" varchar, "oauth_expires_at" datetime, "created_at" datetime NOT NULL, "updated_at" datetime NOT NULL) 
  [1m[36mSQL (0.0ms)[0m  [1mINSERT INTO "schema_migrations" ("version") VALUES (?)[0m  [["version", "20151215155203"]]
  [1m[35m (98.7ms)[0m  commit transaction
Migrating to CreateTasks (20151215155304)
  [1m[36m (0.0ms)[0m  [1mbegin transaction[0m
  [1m[35m (1.0ms)[0m  CREATE TABLE "tasks" ("id" INTEGER PRIMARY KEY AUTOINCREMENT NOT NULL, "title" varchar, "description" varchar, "status" varchar, "created_at" datetime NOT NULL, "updated_at" datetime NOT NULL) 
  [1m[36mSQL (0.0ms)[0m  [1mINSERT INTO "schema_migrations" ("version") VALUES (?)[0m  [["version", "20151215155304"]]
  [1m[35m (268.9ms)[0m  commit transaction
  [1m[36mActiveRecord::SchemaMigration Load (0.0ms)[0m  [1mSELECT "schema_migrations".* FROM "schema_migrations"[0m


Started GET "/" for ::1 at 2015-12-15 19:25:35 +0200

ActiveRecord::PendingMigrationError (

Migrations are pending. To resolve this issue, run:

	bin/rake db:migrate RAILS_ENV=development

):
  activerecord (4.2.4) lib/active_record/migration.rb:392:in `check_pending!'
  activerecord (4.2.4) lib/active_record/migration.rb:373:in `call'
  actionpack (4.2.4) lib/action_dispatch/middleware/callbacks.rb:29:in `block in call'
  activesupport (4.2.4) lib/active_support/callbacks.rb:88:in `__run_callbacks__'
  activesupport (4.2.4) lib/active_support/callbacks.rb:778:in `_run_call_callbacks'
  activesupport (4.2.4) lib/active_support/callbacks.rb:81:in `run_callbacks'
  actionpack (4.2.4) lib/action_dispatch/middleware/callbacks.rb:27:in `call'
  actionpack (4.2.4) lib/action_dispatch/middleware/reloader.rb:73:in `call'
  actionpack (4.2.4) lib/action_dispatch/middleware/remote_ip.rb:78:in `call'
  actionpack (4.2.4) lib/action_dispatch/middleware/debug_exceptions.rb:17:in `call'
  web-console (2.2.1) lib/web_console/middleware.rb:39:in `call'
  actionpack (4.2.4) lib/action_dispatch/middleware/show_exceptions.rb:30:in `call'
  railties (4.2.4) lib/rails/rack/logger.rb:38:in `call_app'
  railties (4.2.4) lib/rails/rack/logger.rb:20:in `block in call'
  activesupport (4.2.4) lib/active_support/tagged_logging.rb:68:in `block in tagged'
  activesupport (4.2.4) lib/active_support/tagged_logging.rb:26:in `tagged'
  activesupport (4.2.4) lib/active_support/tagged_logging.rb:68:in `tagged'
  railties (4.2.4) lib/rails/rack/logger.rb:20:in `call'
  actionpack (4.2.4) lib/action_dispatch/middleware/request_id.rb:21:in `call'
  rack (1.6.4) lib/rack/methodoverride.rb:22:in `call'
  rack (1.6.4) lib/rack/runtime.rb:18:in `call'
  activesupport (4.2.4) lib/active_support/cache/strategy/local_cache_middleware.rb:28:in `call'
  rack (1.6.4) lib/rack/lock.rb:17:in `call'
  actionpack (4.2.4) lib/action_dispatch/middleware/static.rb:116:in `call'
  rack (1.6.4) lib/rack/sendfile.rb:113:in `call'
  railties (4.2.4) lib/rails/engine.rb:518:in `call'
  railties (4.2.4) lib/rails/application.rb:165:in `call'
  rack (1.6.4) lib/rack/lock.rb:17:in `call'
  rack (1.6.4) lib/rack/content_length.rb:15:in `call'
  rack (1.6.4) lib/rack/handler/webrick.rb:88:in `service'
  /Users/ahmedabodeif1/.rvm/rubies/ruby-2.2.0/lib/ruby/2.2.0/webrick/httpserver.rb:138:in `service'
  /Users/ahmedabodeif1/.rvm/rubies/ruby-2.2.0/lib/ruby/2.2.0/webrick/httpserver.rb:94:in `run'
  /Users/ahmedabodeif1/.rvm/rubies/ruby-2.2.0/lib/ruby/2.2.0/webrick/server.rb:294:in `block in start_thread'


  Rendered /Users/ahmedabodeif1/.rvm/rubies/ruby-2.2.0/lib/ruby/gems/2.2.0/gems/actionpack-4.2.4/lib/action_dispatch/middleware/templates/rescues/_source.erb (3.1ms)
  Rendered /Users/ahmedabodeif1/.rvm/rubies/ruby-2.2.0/lib/ruby/gems/2.2.0/gems/actionpack-4.2.4/lib/action_dispatch/middleware/templates/rescues/_trace.html.erb (1.3ms)
  Rendered /Users/ahmedabodeif1/.rvm/rubies/ruby-2.2.0/lib/ruby/gems/2.2.0/gems/actionpack-4.2.4/lib/action_dispatch/middleware/templates/rescues/_request_and_response.html.erb (0.9ms)
  Rendered /Users/ahmedabodeif1/.rvm/rubies/ruby-2.2.0/lib/ruby/gems/2.2.0/gems/actionpack-4.2.4/lib/action_dispatch/middleware/templates/rescues/diagnostics.html.erb within rescues/layout (59.2ms)
  Rendered /Users/ahmedabodeif1/.rvm/rubies/ruby-2.2.0/lib/ruby/gems/2.2.0/gems/web-console-2.2.1/lib/web_console/templates/_markup.html.erb (0.3ms)
  Rendered /Users/ahmedabodeif1/.rvm/rubies/ruby-2.2.0/lib/ruby/gems/2.2.0/gems/web-console-2.2.1/lib/web_console/templates/_inner_console_markup.html.erb within layouts/inlined_string (0.3ms)
  Rendered /Users/ahmedabodeif1/.rvm/rubies/ruby-2.2.0/lib/ruby/gems/2.2.0/gems/web-console-2.2.1/lib/web_console/templates/_prompt_box_markup.html.erb within layouts/inlined_string (0.3ms)
  Rendered /Users/ahmedabodeif1/.rvm/rubies/ruby-2.2.0/lib/ruby/gems/2.2.0/gems/web-console-2.2.1/lib/web_console/templates/style.css.erb within layouts/inlined_string (0.3ms)
  Rendered /Users/ahmedabodeif1/.rvm/rubies/ruby-2.2.0/lib/ruby/gems/2.2.0/gems/web-console-2.2.1/lib/web_console/templates/console.js.erb within layouts/javascript (46.2ms)
  Rendered /Users/ahmedabodeif1/.rvm/rubies/ruby-2.2.0/lib/ruby/gems/2.2.0/gems/web-console-2.2.1/lib/web_console/templates/main.js.erb within layouts/javascript (0.3ms)
  Rendered /Users/ahmedabodeif1/.rvm/rubies/ruby-2.2.0/lib/ruby/gems/2.2.0/gems/web-console-2.2.1/lib/web_console/templates/error_page.js.erb within layouts/javascript (0.3ms)
  Rendered /Users/ahmedabodeif1/.rvm/rubies/ruby-2.2.0/lib/ruby/gems/2.2.0/gems/web-console-2.2.1/lib/web_console/templates/index.html.erb (114.8ms)


Started GET "/auth/facebook" for ::1 at 2015-12-15 19:25:45 +0200

ActiveRecord::PendingMigrationError (

Migrations are pending. To resolve this issue, run:

	bin/rake db:migrate RAILS_ENV=development

):
  activerecord (4.2.4) lib/active_record/migration.rb:392:in `check_pending!'
  activerecord (4.2.4) lib/active_record/migration.rb:373:in `call'
  actionpack (4.2.4) lib/action_dispatch/middleware/callbacks.rb:29:in `block in call'
  activesupport (4.2.4) lib/active_support/callbacks.rb:88:in `__run_callbacks__'
  activesupport (4.2.4) lib/active_support/callbacks.rb:778:in `_run_call_callbacks'
  activesupport (4.2.4) lib/active_support/callbacks.rb:81:in `run_callbacks'
  actionpack (4.2.4) lib/action_dispatch/middleware/callbacks.rb:27:in `call'
  actionpack (4.2.4) lib/action_dispatch/middleware/reloader.rb:73:in `call'
  actionpack (4.2.4) lib/action_dispatch/middleware/remote_ip.rb:78:in `call'
  actionpack (4.2.4) lib/action_dispatch/middleware/debug_exceptions.rb:17:in `call'
  web-console (2.2.1) lib/web_console/middleware.rb:39:in `call'
  actionpack (4.2.4) lib/action_dispatch/middleware/show_exceptions.rb:30:in `call'
  railties (4.2.4) lib/rails/rack/logger.rb:38:in `call_app'
  railties (4.2.4) lib/rails/rack/logger.rb:20:in `block in call'
  activesupport (4.2.4) lib/active_support/tagged_logging.rb:68:in `block in tagged'
  activesupport (4.2.4) lib/active_support/tagged_logging.rb:26:in `tagged'
  activesupport (4.2.4) lib/active_support/tagged_logging.rb:68:in `tagged'
  railties (4.2.4) lib/rails/rack/logger.rb:20:in `call'
  actionpack (4.2.4) lib/action_dispatch/middleware/request_id.rb:21:in `call'
  rack (1.6.4) lib/rack/methodoverride.rb:22:in `call'
  rack (1.6.4) lib/rack/runtime.rb:18:in `call'
  activesupport (4.2.4) lib/active_support/cache/strategy/local_cache_middleware.rb:28:in `call'
  rack (1.6.4) lib/rack/lock.rb:17:in `call'
  actionpack (4.2.4) lib/action_dispatch/middleware/static.rb:116:in `call'
  rack (1.6.4) lib/rack/sendfile.rb:113:in `call'
  railties (4.2.4) lib/rails/engine.rb:518:in `call'
  railties (4.2.4) lib/rails/application.rb:165:in `call'
  rack (1.6.4) lib/rack/lock.rb:17:in `call'
  rack (1.6.4) lib/rack/content_length.rb:15:in `call'
  rack (1.6.4) lib/rack/handler/webrick.rb:88:in `service'
  /Users/ahmedabodeif1/.rvm/rubies/ruby-2.2.0/lib/ruby/2.2.0/webrick/httpserver.rb:138:in `service'
  /Users/ahmedabodeif1/.rvm/rubies/ruby-2.2.0/lib/ruby/2.2.0/webrick/httpserver.rb:94:in `run'
  /Users/ahmedabodeif1/.rvm/rubies/ruby-2.2.0/lib/ruby/2.2.0/webrick/server.rb:294:in `block in start_thread'


  Rendered /Users/ahmedabodeif1/.rvm/rubies/ruby-2.2.0/lib/ruby/gems/2.2.0/gems/actionpack-4.2.4/lib/action_dispatch/middleware/templates/rescues/_source.erb (1.8ms)
  Rendered /Users/ahmedabodeif1/.rvm/rubies/ruby-2.2.0/lib/ruby/gems/2.2.0/gems/actionpack-4.2.4/lib/action_dispatch/middleware/templates/rescues/_trace.html.erb (1.0ms)
  Rendered /Users/ahmedabodeif1/.rvm/rubies/ruby-2.2.0/lib/ruby/gems/2.2.0/gems/actionpack-4.2.4/lib/action_dispatch/middleware/templates/rescues/_request_and_response.html.erb (0.7ms)
  Rendered /Users/ahmedabodeif1/.rvm/rubies/ruby-2.2.0/lib/ruby/gems/2.2.0/gems/actionpack-4.2.4/lib/action_dispatch/middleware/templates/rescues/diagnostics.html.erb within rescues/layout (48.1ms)
  Rendered /Users/ahmedabodeif1/.rvm/rubies/ruby-2.2.0/lib/ruby/gems/2.2.0/gems/web-console-2.2.1/lib/web_console/templates/_markup.html.erb (0.2ms)
  Rendered /Users/ahmedabodeif1/.rvm/rubies/ruby-2.2.0/lib/ruby/gems/2.2.0/gems/web-console-2.2.1/lib/web_console/templates/_inner_console_markup.html.erb within layouts/inlined_string (0.2ms)
  Rendered /Users/ahmedabodeif1/.rvm/rubies/ruby-2.2.0/lib/ruby/gems/2.2.0/gems/web-console-2.2.1/lib/web_console/templates/_prompt_box_markup.html.erb within layouts/inlined_string (0.7ms)
  Rendered /Users/ahmedabodeif1/.rvm/rubies/ruby-2.2.0/lib/ruby/gems/2.2.0/gems/web-console-2.2.1/lib/web_console/templates/style.css.erb within layouts/inlined_string (0.3ms)
  Rendered /Users/ahmedabodeif1/.rvm/rubies/ruby-2.2.0/lib/ruby/gems/2.2.0/gems/web-console-2.2.1/lib/web_console/templates/console.js.erb within layouts/javascript (44.0ms)
  Rendered /Users/ahmedabodeif1/.rvm/rubies/ruby-2.2.0/lib/ruby/gems/2.2.0/gems/web-console-2.2.1/lib/web_console/templates/main.js.erb within layouts/javascript (0.2ms)
  Rendered /Users/ahmedabodeif1/.rvm/rubies/ruby-2.2.0/lib/ruby/gems/2.2.0/gems/web-console-2.2.1/lib/web_console/templates/error_page.js.erb within layouts/javascript (0.4ms)
  Rendered /Users/ahmedabodeif1/.rvm/rubies/ruby-2.2.0/lib/ruby/gems/2.2.0/gems/web-console-2.2.1/lib/web_console/templates/index.html.erb (95.9ms)


Started GET "/auth/facebook" for ::1 at 2015-12-15 19:25:51 +0200

ActiveRecord::PendingMigrationError (

Migrations are pending. To resolve this issue, run:

	bin/rake db:migrate RAILS_ENV=development

):
  activerecord (4.2.4) lib/active_record/migration.rb:392:in `check_pending!'
  activerecord (4.2.4) lib/active_record/migration.rb:373:in `call'
  actionpack (4.2.4) lib/action_dispatch/middleware/callbacks.rb:29:in `block in call'
  activesupport (4.2.4) lib/active_support/callbacks.rb:88:in `__run_callbacks__'
  activesupport (4.2.4) lib/active_support/callbacks.rb:778:in `_run_call_callbacks'
  activesupport (4.2.4) lib/active_support/callbacks.rb:81:in `run_callbacks'
  actionpack (4.2.4) lib/action_dispatch/middleware/callbacks.rb:27:in `call'
  actionpack (4.2.4) lib/action_dispatch/middleware/reloader.rb:73:in `call'
  actionpack (4.2.4) lib/action_dispatch/middleware/remote_ip.rb:78:in `call'
  actionpack (4.2.4) lib/action_dispatch/middleware/debug_exceptions.rb:17:in `call'
  web-console (2.2.1) lib/web_console/middleware.rb:39:in `call'
  actionpack (4.2.4) lib/action_dispatch/middleware/show_exceptions.rb:30:in `call'
  railties (4.2.4) lib/rails/rack/logger.rb:38:in `call_app'
  railties (4.2.4) lib/rails/rack/logger.rb:20:in `block in call'
  activesupport (4.2.4) lib/active_support/tagged_logging.rb:68:in `block in tagged'
  activesupport (4.2.4) lib/active_support/tagged_logging.rb:26:in `tagged'
  activesupport (4.2.4) lib/active_support/tagged_logging.rb:68:in `tagged'
  railties (4.2.4) lib/rails/rack/logger.rb:20:in `call'
  actionpack (4.2.4) lib/action_dispatch/middleware/request_id.rb:21:in `call'
  rack (1.6.4) lib/rack/methodoverride.rb:22:in `call'
  rack (1.6.4) lib/rack/runtime.rb:18:in `call'
  activesupport (4.2.4) lib/active_support/cache/strategy/local_cache_middleware.rb:28:in `call'
  rack (1.6.4) lib/rack/lock.rb:17:in `call'
  actionpack (4.2.4) lib/action_dispatch/middleware/static.rb:116:in `call'
  rack (1.6.4) lib/rack/sendfile.rb:113:in `call'
  railties (4.2.4) lib/rails/engine.rb:518:in `call'
  railties (4.2.4) lib/rails/application.rb:165:in `call'
  rack (1.6.4) lib/rack/lock.rb:17:in `call'
  rack (1.6.4) lib/rack/content_length.rb:15:in `call'
  rack (1.6.4) lib/rack/handler/webrick.rb:88:in `service'
  /Users/ahmedabodeif1/.rvm/rubies/ruby-2.2.0/lib/ruby/2.2.0/webrick/httpserver.rb:138:in `service'
  /Users/ahmedabodeif1/.rvm/rubies/ruby-2.2.0/lib/ruby/2.2.0/webrick/httpserver.rb:94:in `run'
  /Users/ahmedabodeif1/.rvm/rubies/ruby-2.2.0/lib/ruby/2.2.0/webrick/server.rb:294:in `block in start_thread'


  Rendered /Users/ahmedabodeif1/.rvm/rubies/ruby-2.2.0/lib/ruby/gems/2.2.0/gems/actionpack-4.2.4/lib/action_dispatch/middleware/templates/rescues/_source.erb (1.8ms)
  Rendered /Users/ahmedabodeif1/.rvm/rubies/ruby-2.2.0/lib/ruby/gems/2.2.0/gems/actionpack-4.2.4/lib/action_dispatch/middleware/templates/rescues/_trace.html.erb (1.1ms)
  Rendered /Users/ahmedabodeif1/.rvm/rubies/ruby-2.2.0/lib/ruby/gems/2.2.0/gems/actionpack-4.2.4/lib/action_dispatch/middleware/templates/rescues/_request_and_response.html.erb (0.6ms)
  Rendered /Users/ahmedabodeif1/.rvm/rubies/ruby-2.2.0/lib/ruby/gems/2.2.0/gems/actionpack-4.2.4/lib/action_dispatch/middleware/templates/rescues/diagnostics.html.erb within rescues/layout (47.3ms)
  Rendered /Users/ahmedabodeif1/.rvm/rubies/ruby-2.2.0/lib/ruby/gems/2.2.0/gems/web-console-2.2.1/lib/web_console/templates/_markup.html.erb (0.2ms)
  Rendered /Users/ahmedabodeif1/.rvm/rubies/ruby-2.2.0/lib/ruby/gems/2.2.0/gems/web-console-2.2.1/lib/web_console/templates/_inner_console_markup.html.erb within layouts/inlined_string (0.2ms)
  Rendered /Users/ahmedabodeif1/.rvm/rubies/ruby-2.2.0/lib/ruby/gems/2.2.0/gems/web-console-2.2.1/lib/web_console/templates/_prompt_box_markup.html.erb within layouts/inlined_string (0.3ms)
  Rendered /Users/ahmedabodeif1/.rvm/rubies/ruby-2.2.0/lib/ruby/gems/2.2.0/gems/web-console-2.2.1/lib/web_console/templates/style.css.erb within layouts/inlined_string (0.2ms)
  Rendered /Users/ahmedabodeif1/.rvm/rubies/ruby-2.2.0/lib/ruby/gems/2.2.0/gems/web-console-2.2.1/lib/web_console/templates/console.js.erb within layouts/javascript (43.8ms)
  Rendered /Users/ahmedabodeif1/.rvm/rubies/ruby-2.2.0/lib/ruby/gems/2.2.0/gems/web-console-2.2.1/lib/web_console/templates/main.js.erb within layouts/javascript (0.1ms)
  Rendered /Users/ahmedabodeif1/.rvm/rubies/ruby-2.2.0/lib/ruby/gems/2.2.0/gems/web-console-2.2.1/lib/web_console/templates/error_page.js.erb within layouts/javascript (0.4ms)
  Rendered /Users/ahmedabodeif1/.rvm/rubies/ruby-2.2.0/lib/ruby/gems/2.2.0/gems/web-console-2.2.1/lib/web_console/templates/index.html.erb (96.1ms)


Started GET "/auth/facebook" for ::1 at 2015-12-15 19:25:54 +0200

ActiveRecord::PendingMigrationError (

Migrations are pending. To resolve this issue, run:

	bin/rake db:migrate RAILS_ENV=development

):
  activerecord (4.2.4) lib/active_record/migration.rb:392:in `check_pending!'
  activerecord (4.2.4) lib/active_record/migration.rb:373:in `call'
  actionpack (4.2.4) lib/action_dispatch/middleware/callbacks.rb:29:in `block in call'
  activesupport (4.2.4) lib/active_support/callbacks.rb:88:in `__run_callbacks__'
  activesupport (4.2.4) lib/active_support/callbacks.rb:778:in `_run_call_callbacks'
  activesupport (4.2.4) lib/active_support/callbacks.rb:81:in `run_callbacks'
  actionpack (4.2.4) lib/action_dispatch/middleware/callbacks.rb:27:in `call'
  actionpack (4.2.4) lib/action_dispatch/middleware/reloader.rb:73:in `call'
  actionpack (4.2.4) lib/action_dispatch/middleware/remote_ip.rb:78:in `call'
  actionpack (4.2.4) lib/action_dispatch/middleware/debug_exceptions.rb:17:in `call'
  web-console (2.2.1) lib/web_console/middleware.rb:39:in `call'
  actionpack (4.2.4) lib/action_dispatch/middleware/show_exceptions.rb:30:in `call'
  railties (4.2.4) lib/rails/rack/logger.rb:38:in `call_app'
  railties (4.2.4) lib/rails/rack/logger.rb:20:in `block in call'
  activesupport (4.2.4) lib/active_support/tagged_logging.rb:68:in `block in tagged'
  activesupport (4.2.4) lib/active_support/tagged_logging.rb:26:in `tagged'
  activesupport (4.2.4) lib/active_support/tagged_logging.rb:68:in `tagged'
  railties (4.2.4) lib/rails/rack/logger.rb:20:in `call'
  actionpack (4.2.4) lib/action_dispatch/middleware/request_id.rb:21:in `call'
  rack (1.6.4) lib/rack/methodoverride.rb:22:in `call'
  rack (1.6.4) lib/rack/runtime.rb:18:in `call'
  activesupport (4.2.4) lib/active_support/cache/strategy/local_cache_middleware.rb:28:in `call'
  rack (1.6.4) lib/rack/lock.rb:17:in `call'
  actionpack (4.2.4) lib/action_dispatch/middleware/static.rb:116:in `call'
  rack (1.6.4) lib/rack/sendfile.rb:113:in `call'
  railties (4.2.4) lib/rails/engine.rb:518:in `call'
  railties (4.2.4) lib/rails/application.rb:165:in `call'
  rack (1.6.4) lib/rack/lock.rb:17:in `call'
  rack (1.6.4) lib/rack/content_length.rb:15:in `call'
  rack (1.6.4) lib/rack/handler/webrick.rb:88:in `service'
  /Users/ahmedabodeif1/.rvm/rubies/ruby-2.2.0/lib/ruby/2.2.0/webrick/httpserver.rb:138:in `service'
  /Users/ahmedabodeif1/.rvm/rubies/ruby-2.2.0/lib/ruby/2.2.0/webrick/httpserver.rb:94:in `run'
  /Users/ahmedabodeif1/.rvm/rubies/ruby-2.2.0/lib/ruby/2.2.0/webrick/server.rb:294:in `block in start_thread'


  Rendered /Users/ahmedabodeif1/.rvm/rubies/ruby-2.2.0/lib/ruby/gems/2.2.0/gems/actionpack-4.2.4/lib/action_dispatch/middleware/templates/rescues/_source.erb (1.8ms)
  Rendered /Users/ahmedabodeif1/.rvm/rubies/ruby-2.2.0/lib/ruby/gems/2.2.0/gems/actionpack-4.2.4/lib/action_dispatch/middleware/templates/rescues/_trace.html.erb (1.8ms)
  Rendered /Users/ahmedabodeif1/.rvm/rubies/ruby-2.2.0/lib/ruby/gems/2.2.0/gems/actionpack-4.2.4/lib/action_dispatch/middleware/templates/rescues/_request_and_response.html.erb (0.7ms)
  Rendered /Users/ahmedabodeif1/.rvm/rubies/ruby-2.2.0/lib/ruby/gems/2.2.0/gems/actionpack-4.2.4/lib/action_dispatch/middleware/templates/rescues/diagnostics.html.erb within rescues/layout (54.2ms)
  Rendered /Users/ahmedabodeif1/.rvm/rubies/ruby-2.2.0/lib/ruby/gems/2.2.0/gems/web-console-2.2.1/lib/web_console/templates/_markup.html.erb (0.4ms)
  Rendered /Users/ahmedabodeif1/.rvm/rubies/ruby-2.2.0/lib/ruby/gems/2.2.0/gems/web-console-2.2.1/lib/web_console/templates/_inner_console_markup.html.erb within layouts/inlined_string (0.3ms)
  Rendered /Users/ahmedabodeif1/.rvm/rubies/ruby-2.2.0/lib/ruby/gems/2.2.0/gems/web-console-2.2.1/lib/web_console/templates/_prompt_box_markup.html.erb within layouts/inlined_string (0.2ms)
  Rendered /Users/ahmedabodeif1/.rvm/rubies/ruby-2.2.0/lib/ruby/gems/2.2.0/gems/web-console-2.2.1/lib/web_console/templates/style.css.erb within layouts/inlined_string (0.2ms)
  Rendered /Users/ahmedabodeif1/.rvm/rubies/ruby-2.2.0/lib/ruby/gems/2.2.0/gems/web-console-2.2.1/lib/web_console/templates/console.js.erb within layouts/javascript (46.3ms)
  Rendered /Users/ahmedabodeif1/.rvm/rubies/ruby-2.2.0/lib/ruby/gems/2.2.0/gems/web-console-2.2.1/lib/web_console/templates/main.js.erb within layouts/javascript (3.6ms)
  Rendered /Users/ahmedabodeif1/.rvm/rubies/ruby-2.2.0/lib/ruby/gems/2.2.0/gems/web-console-2.2.1/lib/web_console/templates/error_page.js.erb within layouts/javascript (0.3ms)
  Rendered /Users/ahmedabodeif1/.rvm/rubies/ruby-2.2.0/lib/ruby/gems/2.2.0/gems/web-console-2.2.1/lib/web_console/templates/index.html.erb (109.1ms)
  [1m[36m (0.9ms)[0m  [1mCREATE TABLE "schema_migrations" ("version" varchar NOT NULL) [0m
  [1m[35m (0.1ms)[0m  select sqlite_version(*)
  [1m[36m (0.7ms)[0m  [1mCREATE UNIQUE INDEX "unique_schema_migrations" ON "schema_migrations" ("version")[0m
  [1m[35mActiveRecord::SchemaMigration Load (0.1ms)[0m  SELECT "schema_migrations".* FROM "schema_migrations"
Migrating to CreateEvents (20151215154911)
  [1m[36m (0.1ms)[0m  [1mbegin transaction[0m
  [1m[35m (0.3ms)[0m  CREATE TABLE "events" ("id" INTEGER PRIMARY KEY AUTOINCREMENT NOT NULL, "title" varchar, "description" varchar, "place" varchar, "time" datetime, "creator_id" integer, "created_at" datetime NOT NULL, "updated_at" datetime NOT NULL) 
  [1m[36mSQL (0.1ms)[0m  [1mINSERT INTO "schema_migrations" ("version") VALUES (?)[0m  [["version", "20151215154911"]]
  [1m[35m (0.7ms)[0m  commit transaction
Migrating to CreateUsers (20151215155203)
  [1m[36m (0.2ms)[0m  [1mbegin transaction[0m
  [1m[35m (0.2ms)[0m  CREATE TABLE "users" ("id" INTEGER PRIMARY KEY AUTOINCREMENT NOT NULL, "provider" varchar, "uid" varchar, "name" varchar, "oauth_token" varchar, "oauth_expires_at" datetime, "email" varchar, "dateOfBirth" time, "country" varchar, "committee" varchar, "city" varchar, "gender" varchar, "created_at" datetime NOT NULL, "updated_at" datetime NOT NULL) 
  [1m[36mSQL (0.1ms)[0m  [1mINSERT INTO "schema_migrations" ("version") VALUES (?)[0m  [["version", "20151215155203"]]
  [1m[35m (0.8ms)[0m  commit transaction
Migrating to CreateTasks (20151215155304)
  [1m[36m (0.0ms)[0m  [1mbegin transaction[0m
  [1m[35m (0.2ms)[0m  CREATE TABLE "tasks" ("id" INTEGER PRIMARY KEY AUTOINCREMENT NOT NULL, "title" varchar, "description" varchar, "status" varchar, "assigner_id" integer, "assignee_id" integer, "created_at" datetime NOT NULL, "updated_at" datetime NOT NULL) 
  [1m[36mSQL (0.1ms)[0m  [1mINSERT INTO "schema_migrations" ("version") VALUES (?)[0m  [["version", "20151215155304"]]
  [1m[35m (0.7ms)[0m  commit transaction
Migrating to CreateComments (20151215170824)
  [1m[36m (0.0ms)[0m  [1mbegin transaction[0m
  [1m[35m (0.2ms)[0m  CREATE TABLE "comments" ("id" INTEGER PRIMARY KEY AUTOINCREMENT NOT NULL, "body" varchar, "created_at" datetime NOT NULL, "updated_at" datetime NOT NULL) 
  [1m[36mSQL (0.1ms)[0m  [1mINSERT INTO "schema_migrations" ("version") VALUES (?)[0m  [["version", "20151215170824"]]
  [1m[35m (0.6ms)[0m  commit transaction
  [1m[36mActiveRecord::SchemaMigration Load (0.1ms)[0m  [1mSELECT "schema_migrations".* FROM "schema_migrations"[0m


Started GET "/auth/facebook" for ::1 at 2015-12-15 19:26:16 +0200
  [1m[36mActiveRecord::SchemaMigration Load (0.1ms)[0m  [1mSELECT "schema_migrations".* FROM "schema_migrations"[0m
(facebook) Request phase initiated.


Started GET "/auth/facebook/callback?code=AQClDxCYXEuEcZI8xhytA7sDDGAsYX6XVK26IbNyRZFtHCAs46P9PxvjDPzqX-yGy_Sk0bibKhP7-n5QDzaapiJBIKznuBjDxH2JRif1Bp0INik33gvktfVfYiPCjWgm3CfeRlnTz4Ala979Nr_da7d7J7yEJAyE7Ti2jU1-NkZwT5koiuNyMgGg-_UGLplzbRvJiHVxsNWVEKOPBEfMguP4QUbaoaHt17ONDHEaIc_MUlbWK6LJP6MLds_Q8MKOqVXu1cd-qNC13e2bu8NXnEpSYQpc0-LBJEJf11u5hOzxEFF5dn0GN6Fhg50pBYdI07Hmtr-SIlv65g1gFkleXEd8&state=f76d9e322a146ecf8fca7f0ab4fae450322660340fe35cc9" for ::1 at 2015-12-15 19:26:23 +0200
(facebook) Callback phase initiated.
Processing by SessionsController#create as HTML
  Parameters: {"code"=>"AQClDxCYXEuEcZI8xhytA7sDDGAsYX6XVK26IbNyRZFtHCAs46P9PxvjDPzqX-yGy_Sk0bibKhP7-n5QDzaapiJBIKznuBjDxH2JRif1Bp0INik33gvktfVfYiPCjWgm3CfeRlnTz4Ala979Nr_da7d7J7yEJAyE7Ti2jU1-NkZwT5koiuNyMgGg-_UGLplzbRvJiHVxsNWVEKOPBEfMguP4QUbaoaHt17ONDHEaIc_MUlbWK6LJP6MLds_Q8MKOqVXu1cd-qNC13e2bu8NXnEpSYQpc0-LBJEJf11u5hOzxEFF5dn0GN6Fhg50pBYdI07Hmtr-SIlv65g1gFkleXEd8", "state"=>"f76d9e322a146ecf8fca7f0ab4fae450322660340fe35cc9", "provider"=>"facebook"}
  [1m[35mUser Load (0.1ms)[0m  SELECT  "users".* FROM "users" WHERE "users"."provider" = ? AND "users"."uid" = ?  ORDER BY "users"."id" ASC LIMIT 1  [["provider", "facebook"], ["uid", "10207762095120830"]]
  [1m[36m (0.0ms)[0m  [1mbegin transaction[0m
  [1m[35mSQL (0.3ms)[0m  INSERT INTO "users" ("provider", "uid", "name", "oauth_token", "oauth_expires_at", "created_at", "updated_at") VALUES (?, ?, ?, ?, ?, ?, ?)  [["provider", "facebook"], ["uid", "10207762095120830"], ["name", "Ahmed Adel Abodeif"], ["oauth_token", "CAAYKcZBpjpggBADhk5nUH2slv3rZCKAFbVDTqc5TnYq1Q5QPv6FLYB3zA6pTk08L5iyE8lPrI22RXUAk7DiPlXXZB9LfVsZCjZCZBWGzYB84KgUJA9yuSs4t179J7axOp8PETOC14JJLIsnhwcp2yAgFzwOO9bINW1R66zmbajNXoJMbKhn9vggq9tAZB9qEWzMfKTZCO5dCSZAc1hPPHnP6C"], ["oauth_expires_at", "2016-02-13 17:26:23.000000"], ["created_at", "2015-12-15 17:26:24.991471"], ["updated_at", "2015-12-15 17:26:24.991471"]]
  [1m[36m (0.7ms)[0m  [1mcommit transaction[0m
Redirected to http://localhost:3000/
Completed 302 Found in 25ms (ActiveRecord: 1.5ms)


Started GET "/" for ::1 at 2015-12-15 19:26:24 +0200
Processing by HomeController#show as HTML
  Rendered home/show.html.erb within layouts/application (0.9ms)
  [1m[35mUser Load (0.2ms)[0m  SELECT  "users".* FROM "users" WHERE "users"."id" = ? LIMIT 1  [["id", 1]]
Completed 200 OK in 1186ms (Views: 1185.4ms | ActiveRecord: 0.2ms)


Started GET "/assets/comments.self-e3b0c44298fc1c149afbf4c8996fb92427ae41e4649b934ca495991b7852b855.css?body=1" for ::1 at 2015-12-15 19:26:26 +0200


Started GET "/assets/events.self-e3b0c44298fc1c149afbf4c8996fb92427ae41e4649b934ca495991b7852b855.css?body=1" for ::1 at 2015-12-15 19:26:26 +0200


Started GET "/assets/home.self-e3b0c44298fc1c149afbf4c8996fb92427ae41e4649b934ca495991b7852b855.css?body=1" for ::1 at 2015-12-15 19:26:26 +0200


Started GET "/assets/scaffolds.self-8e1795d66d580085014f924d343db4b5a4ed21c469d05a334abfb540400007e8.css?body=1" for ::1 at 2015-12-15 19:26:26 +0200


Started GET "/assets/sessions.self-e3b0c44298fc1c149afbf4c8996fb92427ae41e4649b934ca495991b7852b855.css?body=1" for ::1 at 2015-12-15 19:26:26 +0200


Started GET "/assets/tasks.self-e3b0c44298fc1c149afbf4c8996fb92427ae41e4649b934ca495991b7852b855.css?body=1" for ::1 at 2015-12-15 19:26:26 +0200


Started GET "/assets/comments.self-877aef30ae1b040ab8a3aba4e3e309a11d7f2612f44dde450b5c157aa5f95c05.js?body=1" for ::1 at 2015-12-15 19:26:26 +0200


Started GET "/assets/events.self-877aef30ae1b040ab8a3aba4e3e309a11d7f2612f44dde450b5c157aa5f95c05.js?body=1" for ::1 at 2015-12-15 19:26:26 +0200


Started GET "/assets/home.self-877aef30ae1b040ab8a3aba4e3e309a11d7f2612f44dde450b5c157aa5f95c05.js?body=1" for ::1 at 2015-12-15 19:26:26 +0200


Started GET "/assets/sessions.self-877aef30ae1b040ab8a3aba4e3e309a11d7f2612f44dde450b5c157aa5f95c05.js?body=1" for ::1 at 2015-12-15 19:26:26 +0200


Started GET "/assets/tasks.self-877aef30ae1b040ab8a3aba4e3e309a11d7f2612f44dde450b5c157aa5f95c05.js?body=1" for ::1 at 2015-12-15 19:26:26 +0200
  [1m[36mUser Load (0.9ms)[0m  [1mSELECT "users".* FROM "users"[0m


Started GET "/signout" for ::1 at 2015-12-15 19:27:45 +0200
Processing by SessionsController#destroy as HTML
Redirected to http://localhost:3000/
Completed 302 Found in 1ms (ActiveRecord: 0.0ms)


Started GET "/" for ::1 at 2015-12-15 19:27:45 +0200
Processing by HomeController#show as HTML
  Rendered home/show.html.erb within layouts/application (0.3ms)
Completed 200 OK in 39ms (Views: 38.8ms | ActiveRecord: 0.0ms)


Started GET "/auth/facebook" for ::1 at 2015-12-15 19:27:48 +0200
(facebook) Request phase initiated.


Started GET "/auth/facebook" for ::1 at 2015-12-15 19:27:49 +0200
(facebook) Request phase initiated.


Started GET "/auth/facebook/callback?code=AQBHskvy3txw5fhRiTV3wsplOV6-uKe6x5mx3JpZJgDLGGg6smA8g9pnQFMlEjQB1ZI09na-UrOSbtuIfdwLMAdh0JsYwAcdrpTjbp83z2gyTHgH_duWipYn6MXeMBioNFW30iBYCbrDmwKWHuZ2bAZbFG8kp_1GPQJigOQ_CSXnvAq8XHw4A7IVjmbLTivhFBIf1E1wz-wX2r2HuuswISzLNrWbxiocrmv2lBgaKPTPOBnijiMcqxgV007HzoblYuekUq5mPrkpA6-lRaXQpKkFV4I7-x3ZzjYNCA7rleOYCoqhkMExIinIQtUkNZD7PyMZPXS4QRoP06oYhkYNZ9Dj&state=1cca974535d82e879211906876f5d28e029e7ee6a31e9464" for ::1 at 2015-12-15 19:27:49 +0200
(facebook) Callback phase initiated.
Processing by SessionsController#create as HTML
  Parameters: {"code"=>"AQBHskvy3txw5fhRiTV3wsplOV6-uKe6x5mx3JpZJgDLGGg6smA8g9pnQFMlEjQB1ZI09na-UrOSbtuIfdwLMAdh0JsYwAcdrpTjbp83z2gyTHgH_duWipYn6MXeMBioNFW30iBYCbrDmwKWHuZ2bAZbFG8kp_1GPQJigOQ_CSXnvAq8XHw4A7IVjmbLTivhFBIf1E1wz-wX2r2HuuswISzLNrWbxiocrmv2lBgaKPTPOBnijiMcqxgV007HzoblYuekUq5mPrkpA6-lRaXQpKkFV4I7-x3ZzjYNCA7rleOYCoqhkMExIinIQtUkNZD7PyMZPXS4QRoP06oYhkYNZ9Dj", "state"=>"1cca974535d82e879211906876f5d28e029e7ee6a31e9464", "provider"=>"facebook"}
  [1m[36mUser Load (0.1ms)[0m  [1mSELECT  "users".* FROM "users" WHERE "users"."provider" = ? AND "users"."uid" = ?  ORDER BY "users"."id" ASC LIMIT 1[0m  [["provider", "facebook"], ["uid", "10207762095120830"]]
Redirected to http://localhost:3000/
Completed 302 Found in 2ms (ActiveRecord: 0.1ms)


Started GET "/" for ::1 at 2015-12-15 19:27:50 +0200
Processing by HomeController#show as HTML
  Rendered home/show.html.erb within layouts/application (0.0ms)
  [1m[35mUser Load (0.1ms)[0m  SELECT  "users".* FROM "users" WHERE "users"."id" = ? LIMIT 1  [["id", 1]]
Completed 200 OK in 53ms (Views: 52.0ms | ActiveRecord: 0.1ms)


Started GET "/signout" for ::1 at 2015-12-15 19:27:53 +0200
Processing by SessionsController#destroy as HTML
Redirected to http://localhost:3000/
Completed 302 Found in 1ms (ActiveRecord: 0.0ms)


Started GET "/" for ::1 at 2015-12-15 19:27:53 +0200
Processing by HomeController#show as HTML
  Rendered home/show.html.erb within layouts/application (0.0ms)
Completed 200 OK in 64ms (Views: 63.2ms | ActiveRecord: 0.0ms)


Started GET "/" for ::1 at 2015-12-15 19:28:02 +0200
Processing by HomeController#show as HTML
  Rendered home/show.html.erb within layouts/application (0.0ms)
Completed 200 OK in 38ms (Views: 38.0ms | ActiveRecord: 0.0ms)


Started GET "/assets/comments.self-e3b0c44298fc1c149afbf4c8996fb92427ae41e4649b934ca495991b7852b855.css?body=1" for ::1 at 2015-12-15 19:28:02 +0200


Started GET "/assets/sessions.self-e3b0c44298fc1c149afbf4c8996fb92427ae41e4649b934ca495991b7852b855.css?body=1" for ::1 at 2015-12-15 19:28:02 +0200


Started GET "/assets/events.self-e3b0c44298fc1c149afbf4c8996fb92427ae41e4649b934ca495991b7852b855.css?body=1" for ::1 at 2015-12-15 19:28:02 +0200


Started GET "/assets/tasks.self-e3b0c44298fc1c149afbf4c8996fb92427ae41e4649b934ca495991b7852b855.css?body=1" for ::1 at 2015-12-15 19:28:02 +0200


Started GET "/assets/scaffolds.self-8e1795d66d580085014f924d343db4b5a4ed21c469d05a334abfb540400007e8.css?body=1" for ::1 at 2015-12-15 19:28:02 +0200


Started GET "/assets/home.self-e3b0c44298fc1c149afbf4c8996fb92427ae41e4649b934ca495991b7852b855.css?body=1" for ::1 at 2015-12-15 19:28:02 +0200


Started GET "/assets/application.self-e80e8f2318043e8af94dddc2adad5a4f09739a8ebb323b3ab31cd71d45fd9113.css?body=1" for ::1 at 2015-12-15 19:28:02 +0200


Started GET "/assets/jquery.self-a714331225dda820228db323939889f149aec0127aeb06255646b616ba1ca419.js?body=1" for ::1 at 2015-12-15 19:28:02 +0200


Started GET "/assets/jquery_ujs.self-d456baa54c1fa6be2ec3711f0a72ddf7a5b2f34a6b4f515f33767d6207b7d4b3.js?body=1" for ::1 at 2015-12-15 19:28:02 +0200


Started GET "/assets/turbolinks.self-c37727e9bd6b2735da5c311aa83fead54ed0be6cc8bd9a65309e9c5abe2cbfff.js?body=1" for ::1 at 2015-12-15 19:28:02 +0200


Started GET "/assets/comments.self-877aef30ae1b040ab8a3aba4e3e309a11d7f2612f44dde450b5c157aa5f95c05.js?body=1" for ::1 at 2015-12-15 19:28:02 +0200


Started GET "/assets/events.self-877aef30ae1b040ab8a3aba4e3e309a11d7f2612f44dde450b5c157aa5f95c05.js?body=1" for ::1 at 2015-12-15 19:28:02 +0200


Started GET "/assets/home.self-877aef30ae1b040ab8a3aba4e3e309a11d7f2612f44dde450b5c157aa5f95c05.js?body=1" for ::1 at 2015-12-15 19:28:02 +0200


Started GET "/assets/sessions.self-877aef30ae1b040ab8a3aba4e3e309a11d7f2612f44dde450b5c157aa5f95c05.js?body=1" for ::1 at 2015-12-15 19:28:02 +0200


Started GET "/assets/tasks.self-877aef30ae1b040ab8a3aba4e3e309a11d7f2612f44dde450b5c157aa5f95c05.js?body=1" for ::1 at 2015-12-15 19:28:02 +0200


Started GET "/assets/application.self-3b8dabdc891efe46b9a144b400ad69e37d7e5876bdc39dee783419a69d7ca819.js?body=1" for ::1 at 2015-12-15 19:28:02 +0200


Started GET "/auth/facebook" for ::1 at 2015-12-15 19:28:06 +0200
(facebook) Request phase initiated.


Started GET "/auth/facebook" for ::1 at 2015-12-15 19:28:06 +0200
(facebook) Request phase initiated.


Started GET "/auth/facebook/callback?code=AQCTG9fmbGnv7rWtSz1JuKH2cWLci74_wxRNzcCgD_cvHEnXnB29VxpgFgMs_6oTsXS8ZQ1GVEiJKaQWz9Qn8AvKSoZ8U6fmYDEBso6XOqJPYx3UvdlMdGdtwewsn1yCQvwYiBQucqzBR0ihE-l_ca4MH6jjeRfQsQ2PWFrLnSL_3RXAvr6nl6xSrL3RRtBWTIFFRGmmI30nKZp14uZv6u8rfrxSm8h76FVyEAN9fF7VUkHxKPeypvrkvNb3XYCl4unkfx91qdVV8QEAM5Xxy6iiWjVnRCCOV_cJVNfb2F_sBGiMnbKnvMfqxSgHYhA2TRo&state=124e0a912c808b26d085670d1408e3c28274c98a6b0820ce" for ::1 at 2015-12-15 19:29:32 +0200
(facebook) Callback phase initiated.
Processing by SessionsController#create as HTML
  Parameters: {"code"=>"AQCTG9fmbGnv7rWtSz1JuKH2cWLci74_wxRNzcCgD_cvHEnXnB29VxpgFgMs_6oTsXS8ZQ1GVEiJKaQWz9Qn8AvKSoZ8U6fmYDEBso6XOqJPYx3UvdlMdGdtwewsn1yCQvwYiBQucqzBR0ihE-l_ca4MH6jjeRfQsQ2PWFrLnSL_3RXAvr6nl6xSrL3RRtBWTIFFRGmmI30nKZp14uZv6u8rfrxSm8h76FVyEAN9fF7VUkHxKPeypvrkvNb3XYCl4unkfx91qdVV8QEAM5Xxy6iiWjVnRCCOV_cJVNfb2F_sBGiMnbKnvMfqxSgHYhA2TRo", "state"=>"124e0a912c808b26d085670d1408e3c28274c98a6b0820ce", "provider"=>"facebook"}
  [1m[36mUser Load (0.1ms)[0m  [1mSELECT  "users".* FROM "users" WHERE "users"."provider" = ? AND "users"."uid" = ?  ORDER BY "users"."id" ASC LIMIT 1[0m  [["provider", "facebook"], ["uid", "10154340072216124"]]
  [1m[35m (0.1ms)[0m  begin transaction
  [1m[36mSQL (0.3ms)[0m  [1mINSERT INTO "users" ("provider", "uid", "name", "oauth_token", "oauth_expires_at", "created_at", "updated_at") VALUES (?, ?, ?, ?, ?, ?, ?)[0m  [["provider", "facebook"], ["uid", "10154340072216124"], ["name", "Karim Farid"], ["oauth_token", "CAAYKcZBpjpggBADeKD5QCkZCZAdgTAJ8ZCb3bfrAZAKSuZAsZC0EWXv2uOxViaER4ele40xjAwM75boYENqVLoBRSeddo0iZA4L8EofxlcNbrtHBhr4GEREbV7ZA2aT18LV7rpp4EVWBxSsdb0utLTnJAlEl3eOy0EylIWZA2fZBat0yOC5PJMqZC687nGcPf6ZC2Y4YZD"], ["oauth_expires_at", "2016-02-13 17:29:31.000000"], ["created_at", "2015-12-15 17:29:33.222974"], ["updated_at", "2015-12-15 17:29:33.222974"]]
  [1m[35m (1.5ms)[0m  commit transaction
Redirected to http://localhost:3000/
Completed 302 Found in 6ms (ActiveRecord: 2.0ms)


Started GET "/" for ::1 at 2015-12-15 19:29:33 +0200
Processing by HomeController#show as HTML
  Rendered home/show.html.erb within layouts/application (0.0ms)
  [1m[36mUser Load (0.1ms)[0m  [1mSELECT  "users".* FROM "users" WHERE "users"."id" = ? LIMIT 1[0m  [["id", 2]]
Completed 200 OK in 36ms (Views: 35.3ms | ActiveRecord: 0.1ms)


Started GET "/signout" for ::1 at 2015-12-15 19:29:51 +0200
Processing by SessionsController#destroy as HTML
Redirected to http://localhost:3000/
Completed 302 Found in 1ms (ActiveRecord: 0.0ms)


Started GET "/" for ::1 at 2015-12-15 19:29:51 +0200
Processing by HomeController#show as HTML
  Rendered home/show.html.erb within layouts/application (0.0ms)
Completed 200 OK in 61ms (Views: 60.7ms | ActiveRecord: 0.0ms)


Started GET "/auth/facebook" for ::1 at 2015-12-15 19:29:54 +0200
(facebook) Request phase initiated.


Started GET "/auth/facebook" for ::1 at 2015-12-15 19:29:54 +0200
(facebook) Request phase initiated.


Started GET "/auth/facebook/callback?code=AQDrXpSzaqZYry2l0UJVoJQtbXB9cig_7xgccFMNzLjS58YN7Z5fQ86huBveN_iLP0moGM5hCcBfkq5HiE2dLl-Ji1-9PbWNyvbiDR_67Vz9UfvkhF3XLA5aRNhMO5kpaPrcBU0Y2kIgRVgLLzgdUNu-B81IdbU1lcDr25AeRZyLTCtdK6iHu7dn5nw9vW7e2Qc52_8Oq1VIwKyeRKwhf3aEp0e-6h-jmNPYwSut3L7DsW2VDWq6C32gYK04c1geS6I3iCX9CzjxAByDIHIMAbWmaslbVz2tSeKn2uuh7nWGAquv8tv-QpOkQCvKhIpwrqU&state=f55537ca010ec4508188fcf00eb068a9948aa9061b659658" for ::1 at 2015-12-15 19:29:55 +0200
(facebook) Callback phase initiated.
Processing by SessionsController#create as HTML
  Parameters: {"code"=>"AQDrXpSzaqZYry2l0UJVoJQtbXB9cig_7xgccFMNzLjS58YN7Z5fQ86huBveN_iLP0moGM5hCcBfkq5HiE2dLl-Ji1-9PbWNyvbiDR_67Vz9UfvkhF3XLA5aRNhMO5kpaPrcBU0Y2kIgRVgLLzgdUNu-B81IdbU1lcDr25AeRZyLTCtdK6iHu7dn5nw9vW7e2Qc52_8Oq1VIwKyeRKwhf3aEp0e-6h-jmNPYwSut3L7DsW2VDWq6C32gYK04c1geS6I3iCX9CzjxAByDIHIMAbWmaslbVz2tSeKn2uuh7nWGAquv8tv-QpOkQCvKhIpwrqU", "state"=>"f55537ca010ec4508188fcf00eb068a9948aa9061b659658", "provider"=>"facebook"}
  [1m[35mUser Load (0.2ms)[0m  SELECT  "users".* FROM "users" WHERE "users"."provider" = ? AND "users"."uid" = ?  ORDER BY "users"."id" ASC LIMIT 1  [["provider", "facebook"], ["uid", "10154340072216124"]]
Redirected to http://localhost:3000/
Completed 302 Found in 2ms (ActiveRecord: 0.2ms)


Started GET "/" for ::1 at 2015-12-15 19:29:55 +0200
Processing by HomeController#show as HTML
  Rendered home/show.html.erb within layouts/application (0.0ms)
  [1m[36mUser Load (0.1ms)[0m  [1mSELECT  "users".* FROM "users" WHERE "users"."id" = ? LIMIT 1[0m  [["id", 2]]
Completed 200 OK in 39ms (Views: 38.2ms | ActiveRecord: 0.1ms)


Started GET "/signout" for ::1 at 2015-12-15 19:29:58 +0200
Processing by SessionsController#destroy as HTML
Redirected to http://localhost:3000/
Completed 302 Found in 1ms (ActiveRecord: 0.0ms)


Started GET "/" for ::1 at 2015-12-15 19:29:58 +0200
Processing by HomeController#show as HTML
  Rendered home/show.html.erb within layouts/application (0.0ms)
Completed 200 OK in 47ms (Views: 46.2ms | ActiveRecord: 0.0ms)


Started GET "/" for ::1 at 2015-12-15 19:30:08 +0200
Processing by HomeController#show as HTML
  Rendered home/show.html.erb within layouts/application (0.0ms)
Completed 200 OK in 39ms (Views: 38.8ms | ActiveRecord: 0.0ms)


Started GET "/assets/comments.self-e3b0c44298fc1c149afbf4c8996fb92427ae41e4649b934ca495991b7852b855.css?body=1" for ::1 at 2015-12-15 19:30:08 +0200


Started GET "/assets/home.self-e3b0c44298fc1c149afbf4c8996fb92427ae41e4649b934ca495991b7852b855.css?body=1" for ::1 at 2015-12-15 19:30:08 +0200


Started GET "/assets/events.self-e3b0c44298fc1c149afbf4c8996fb92427ae41e4649b934ca495991b7852b855.css?body=1" for ::1 at 2015-12-15 19:30:08 +0200


Started GET "/assets/tasks.self-e3b0c44298fc1c149afbf4c8996fb92427ae41e4649b934ca495991b7852b855.css?body=1" for ::1 at 2015-12-15 19:30:08 +0200


Started GET "/assets/sessions.self-e3b0c44298fc1c149afbf4c8996fb92427ae41e4649b934ca495991b7852b855.css?body=1" for ::1 at 2015-12-15 19:30:08 +0200


Started GET "/assets/scaffolds.self-8e1795d66d580085014f924d343db4b5a4ed21c469d05a334abfb540400007e8.css?body=1" for ::1 at 2015-12-15 19:30:08 +0200


Started GET "/assets/application.self-e80e8f2318043e8af94dddc2adad5a4f09739a8ebb323b3ab31cd71d45fd9113.css?body=1" for ::1 at 2015-12-15 19:30:08 +0200


Started GET "/assets/jquery.self-a714331225dda820228db323939889f149aec0127aeb06255646b616ba1ca419.js?body=1" for ::1 at 2015-12-15 19:30:08 +0200


Started GET "/assets/jquery_ujs.self-d456baa54c1fa6be2ec3711f0a72ddf7a5b2f34a6b4f515f33767d6207b7d4b3.js?body=1" for ::1 at 2015-12-15 19:30:08 +0200


Started GET "/assets/turbolinks.self-c37727e9bd6b2735da5c311aa83fead54ed0be6cc8bd9a65309e9c5abe2cbfff.js?body=1" for ::1 at 2015-12-15 19:30:08 +0200


Started GET "/assets/comments.self-877aef30ae1b040ab8a3aba4e3e309a11d7f2612f44dde450b5c157aa5f95c05.js?body=1" for ::1 at 2015-12-15 19:30:08 +0200


Started GET "/assets/events.self-877aef30ae1b040ab8a3aba4e3e309a11d7f2612f44dde450b5c157aa5f95c05.js?body=1" for ::1 at 2015-12-15 19:30:08 +0200


Started GET "/assets/home.self-877aef30ae1b040ab8a3aba4e3e309a11d7f2612f44dde450b5c157aa5f95c05.js?body=1" for ::1 at 2015-12-15 19:30:08 +0200


Started GET "/assets/sessions.self-877aef30ae1b040ab8a3aba4e3e309a11d7f2612f44dde450b5c157aa5f95c05.js?body=1" for ::1 at 2015-12-15 19:30:08 +0200


Started GET "/assets/tasks.self-877aef30ae1b040ab8a3aba4e3e309a11d7f2612f44dde450b5c157aa5f95c05.js?body=1" for ::1 at 2015-12-15 19:30:08 +0200


Started GET "/assets/application.self-3b8dabdc891efe46b9a144b400ad69e37d7e5876bdc39dee783419a69d7ca819.js?body=1" for ::1 at 2015-12-15 19:30:08 +0200


Started GET "/auth/facebook" for ::1 at 2015-12-15 19:30:10 +0200
(facebook) Request phase initiated.


Started GET "/auth/facebook" for ::1 at 2015-12-15 19:30:10 +0200
(facebook) Request phase initiated.


Started GET "/auth/facebook/callback?code=AQCpw2AvwiLQKV8p0UbS3S_JwqXIs6qBZytZN-f-g9YEEfFoz9dpAXOFXybE2ujPIm_yhfEBfgA139MuG_pEdG05rCF1Bwd7uUIuAtC_9yFJxacaTLzfORjAa7SggNZ6UKC6DXKl0iYB7H0lCPCStDtKmcNTXFQnXq-gE6oRsRcefJGl_I30iNlOlPULxrHzmWZwKREhnPYsbM4Ycp56RHkBdiVHgwLR2oIjh5AnNgOTVQy8oNMXbS2KEVWZ07p7NXc3N_7V78CurfPFjhEmBvmkFwVizPjnlq9JaQBavIjxUjvBVJZfGCgaph_Jy1fooDo&state=1b1759bf6a3ce6a2f8aa777a8e48ee791dafc2c4c496f643" for ::1 at 2015-12-15 19:30:21 +0200
(facebook) Callback phase initiated.
Processing by SessionsController#create as HTML
  Parameters: {"code"=>"AQCpw2AvwiLQKV8p0UbS3S_JwqXIs6qBZytZN-f-g9YEEfFoz9dpAXOFXybE2ujPIm_yhfEBfgA139MuG_pEdG05rCF1Bwd7uUIuAtC_9yFJxacaTLzfORjAa7SggNZ6UKC6DXKl0iYB7H0lCPCStDtKmcNTXFQnXq-gE6oRsRcefJGl_I30iNlOlPULxrHzmWZwKREhnPYsbM4Ycp56RHkBdiVHgwLR2oIjh5AnNgOTVQy8oNMXbS2KEVWZ07p7NXc3N_7V78CurfPFjhEmBvmkFwVizPjnlq9JaQBavIjxUjvBVJZfGCgaph_Jy1fooDo", "state"=>"1b1759bf6a3ce6a2f8aa777a8e48ee791dafc2c4c496f643", "provider"=>"facebook"}
  [1m[35mUser Load (0.1ms)[0m  SELECT  "users".* FROM "users" WHERE "users"."provider" = ? AND "users"."uid" = ?  ORDER BY "users"."id" ASC LIMIT 1  [["provider", "facebook"], ["uid", "10153202724446434"]]
  [1m[36m (0.1ms)[0m  [1mbegin transaction[0m
  [1m[35mSQL (0.3ms)[0m  INSERT INTO "users" ("provider", "uid", "name", "oauth_token", "oauth_expires_at", "created_at", "updated_at") VALUES (?, ?, ?, ?, ?, ?, ?)  [["provider", "facebook"], ["uid", "10153202724446434"], ["name", "Yasser Abouel-Saad"], ["oauth_token", "CAAYKcZBpjpggBAJZADoBrAVXZCVrsG7ApiSCrkIbni1TNUQnjKG84Ya71YTxPX6gZBGh7iAsbdmk7CL6EHjYwsHBVE28kK8Uxw0RuoQ9yNNfmZBCZCilTwBPV6n8rpbAY8i8qZCw7rHZAHlQy6Snno8X81h9c2sIw8aJ018VoDgdlcIJtw9UUkUA3T306caGxboZD"], ["oauth_expires_at", "2016-02-13 16:15:14.000000"], ["created_at", "2015-12-15 17:30:22.333732"], ["updated_at", "2015-12-15 17:30:22.333732"]]
  [1m[36m (1.4ms)[0m  [1mcommit transaction[0m
Redirected to http://localhost:3000/
Completed 302 Found in 6ms (ActiveRecord: 1.9ms)


Started GET "/" for ::1 at 2015-12-15 19:30:22 +0200
Processing by HomeController#show as HTML
  Rendered home/show.html.erb within layouts/application (0.0ms)
  [1m[35mUser Load (0.1ms)[0m  SELECT  "users".* FROM "users" WHERE "users"."id" = ? LIMIT 1  [["id", 3]]
Completed 200 OK in 54ms (Views: 53.2ms | ActiveRecord: 0.1ms)


Started GET "/signout" for ::1 at 2015-12-15 19:30:25 +0200
Processing by SessionsController#destroy as HTML
Redirected to http://localhost:3000/
Completed 302 Found in 1ms (ActiveRecord: 0.0ms)


Started GET "/" for ::1 at 2015-12-15 19:30:25 +0200
Processing by HomeController#show as HTML
  Rendered home/show.html.erb within layouts/application (0.1ms)
Completed 200 OK in 47ms (Views: 46.5ms | ActiveRecord: 0.0ms)
  [1m[36mUser Load (0.9ms)[0m  [1mSELECT "users".* FROM "users"[0m
  [1m[35mUser Load (0.2ms)[0m  SELECT  "users".* FROM "users" WHERE "users"."id" = ? LIMIT 1  [["id", 1]]
  [1m[36mUser Load (0.1ms)[0m  [1mSELECT  "users".* FROM "users" WHERE "users"."id" = ? LIMIT 1[0m  [["id", 2]]
  [1m[35m (0.1ms)[0m  begin transaction
  [1m[36mSQL (0.4ms)[0m  [1mINSERT INTO "tasks" ("title", "description", "assigner_id", "assignee_id", "created_at", "updated_at") VALUES (?, ?, ?, ?, ?, ?)[0m  [["title", "test task"], ["description", "check if the task works"], ["assigner_id", 1], ["assignee_id", 2], ["created_at", "2015-12-15 17:37:36.996195"], ["updated_at", "2015-12-15 17:37:36.996195"]]
  [1m[35m (1.0ms)[0m  commit transaction


Started GET "/tasks" for ::1 at 2015-12-15 19:42:12 +0200
  [1m[36mActiveRecord::SchemaMigration Load (0.1ms)[0m  [1mSELECT "schema_migrations".* FROM "schema_migrations"[0m
Processing by TasksController#index as HTML
  [1m[35mTask Load (0.1ms)[0m  SELECT "tasks".* FROM "tasks"
Completed 200 OK in 14ms (Views: 4.4ms | ActiveRecord: 0.3ms)


Started GET "/users" for ::1 at 2015-12-15 20:01:57 +0200

ActionController::RoutingError (No route matches [GET] "/users"):
  actionpack (4.2.4) lib/action_dispatch/middleware/debug_exceptions.rb:21:in `call'
  web-console (2.2.1) lib/web_console/middleware.rb:39:in `call'
  actionpack (4.2.4) lib/action_dispatch/middleware/show_exceptions.rb:30:in `call'
  railties (4.2.4) lib/rails/rack/logger.rb:38:in `call_app'
  railties (4.2.4) lib/rails/rack/logger.rb:20:in `block in call'
  activesupport (4.2.4) lib/active_support/tagged_logging.rb:68:in `block in tagged'
  activesupport (4.2.4) lib/active_support/tagged_logging.rb:26:in `tagged'
  activesupport (4.2.4) lib/active_support/tagged_logging.rb:68:in `tagged'
  railties (4.2.4) lib/rails/rack/logger.rb:20:in `call'
  actionpack (4.2.4) lib/action_dispatch/middleware/request_id.rb:21:in `call'
  rack (1.6.4) lib/rack/methodoverride.rb:22:in `call'
  rack (1.6.4) lib/rack/runtime.rb:18:in `call'
  activesupport (4.2.4) lib/active_support/cache/strategy/local_cache_middleware.rb:28:in `call'
  rack (1.6.4) lib/rack/lock.rb:17:in `call'
  actionpack (4.2.4) lib/action_dispatch/middleware/static.rb:116:in `call'
  rack (1.6.4) lib/rack/sendfile.rb:113:in `call'
  railties (4.2.4) lib/rails/engine.rb:518:in `call'
  railties (4.2.4) lib/rails/application.rb:165:in `call'
  rack (1.6.4) lib/rack/lock.rb:17:in `call'
  rack (1.6.4) lib/rack/content_length.rb:15:in `call'
  rack (1.6.4) lib/rack/handler/webrick.rb:88:in `service'
  /Users/ahmedabodeif1/.rvm/rubies/ruby-2.2.0/lib/ruby/2.2.0/webrick/httpserver.rb:138:in `service'
  /Users/ahmedabodeif1/.rvm/rubies/ruby-2.2.0/lib/ruby/2.2.0/webrick/httpserver.rb:94:in `run'
  /Users/ahmedabodeif1/.rvm/rubies/ruby-2.2.0/lib/ruby/2.2.0/webrick/server.rb:294:in `block in start_thread'


  Rendered /Users/ahmedabodeif1/.rvm/rubies/ruby-2.2.0/lib/ruby/gems/2.2.0/gems/actionpack-4.2.4/lib/action_dispatch/middleware/templates/rescues/_trace.html.erb (1.0ms)
  Rendered /Users/ahmedabodeif1/.rvm/rubies/ruby-2.2.0/lib/ruby/gems/2.2.0/gems/actionpack-4.2.4/lib/action_dispatch/middleware/templates/routes/_route.html.erb (2.9ms)
  Rendered /Users/ahmedabodeif1/.rvm/rubies/ruby-2.2.0/lib/ruby/gems/2.2.0/gems/actionpack-4.2.4/lib/action_dispatch/middleware/templates/routes/_table.html.erb (9.5ms)
  Rendered /Users/ahmedabodeif1/.rvm/rubies/ruby-2.2.0/lib/ruby/gems/2.2.0/gems/actionpack-4.2.4/lib/action_dispatch/middleware/templates/rescues/_request_and_response.html.erb (1.0ms)
  Rendered /Users/ahmedabodeif1/.rvm/rubies/ruby-2.2.0/lib/ruby/gems/2.2.0/gems/actionpack-4.2.4/lib/action_dispatch/middleware/templates/rescues/routing_error.html.erb within rescues/layout (92.5ms)
  Rendered /Users/ahmedabodeif1/.rvm/rubies/ruby-2.2.0/lib/ruby/gems/2.2.0/gems/web-console-2.2.1/lib/web_console/templates/_markup.html.erb (0.3ms)
  Rendered /Users/ahmedabodeif1/.rvm/rubies/ruby-2.2.0/lib/ruby/gems/2.2.0/gems/web-console-2.2.1/lib/web_console/templates/_inner_console_markup.html.erb within layouts/inlined_string (0.2ms)
  Rendered /Users/ahmedabodeif1/.rvm/rubies/ruby-2.2.0/lib/ruby/gems/2.2.0/gems/web-console-2.2.1/lib/web_console/templates/_prompt_box_markup.html.erb within layouts/inlined_string (0.3ms)
  Rendered /Users/ahmedabodeif1/.rvm/rubies/ruby-2.2.0/lib/ruby/gems/2.2.0/gems/web-console-2.2.1/lib/web_console/templates/style.css.erb within layouts/inlined_string (0.3ms)
  Rendered /Users/ahmedabodeif1/.rvm/rubies/ruby-2.2.0/lib/ruby/gems/2.2.0/gems/web-console-2.2.1/lib/web_console/templates/console.js.erb within layouts/javascript (46.6ms)
  Rendered /Users/ahmedabodeif1/.rvm/rubies/ruby-2.2.0/lib/ruby/gems/2.2.0/gems/web-console-2.2.1/lib/web_console/templates/main.js.erb within layouts/javascript (0.2ms)
  Rendered /Users/ahmedabodeif1/.rvm/rubies/ruby-2.2.0/lib/ruby/gems/2.2.0/gems/web-console-2.2.1/lib/web_console/templates/error_page.js.erb within layouts/javascript (0.3ms)
  Rendered /Users/ahmedabodeif1/.rvm/rubies/ruby-2.2.0/lib/ruby/gems/2.2.0/gems/web-console-2.2.1/lib/web_console/templates/index.html.erb (105.7ms)


Started GET "/" for 105.198.243.69 at 2015-12-16 06:35:26 +0200
Cannot render console from 105.198.243.69! Allowed networks: 127.0.0.1, ::1, 127.0.0.0/127.255.255.255
  [1m[36mActiveRecord::SchemaMigration Load (0.3ms)[0m  [1mSELECT "schema_migrations".* FROM "schema_migrations"[0m
Processing by HomeController#show as HTML
  Rendered home/show.html.erb within layouts/application (1.3ms)
Completed 200 OK in 212ms (Views: 204.8ms | ActiveRecord: 0.0ms)


Started GET "/assets/jquery.self-a714331225dda820228db323939889f149aec0127aeb06255646b616ba1ca419.js?body=1" for 105.198.243.69 at 2015-12-16 06:35:28 +0200
Cannot render console from 105.198.243.69! Allowed networks: 127.0.0.1, ::1, 127.0.0.0/127.255.255.255


Started GET "/assets/sessions.self-877aef30ae1b040ab8a3aba4e3e309a11d7f2612f44dde450b5c157aa5f95c05.js?body=1" for 105.198.243.69 at 2015-12-16 06:35:29 +0200
Cannot render console from 105.198.243.69! Allowed networks: 127.0.0.1, ::1, 127.0.0.0/127.255.255.255


Started GET "/assets/home.self-877aef30ae1b040ab8a3aba4e3e309a11d7f2612f44dde450b5c157aa5f95c05.js?body=1" for 105.198.243.69 at 2015-12-16 06:35:29 +0200
Cannot render console from 105.198.243.69! Allowed networks: 127.0.0.1, ::1, 127.0.0.0/127.255.255.255


Started GET "/assets/events.self-e3b0c44298fc1c149afbf4c8996fb92427ae41e4649b934ca495991b7852b855.css?body=1" for 105.198.243.69 at 2015-12-16 06:35:29 +0200
Cannot render console from 105.198.243.69! Allowed networks: 127.0.0.1, ::1, 127.0.0.0/127.255.255.255


Started GET "/assets/application.self-e80e8f2318043e8af94dddc2adad5a4f09739a8ebb323b3ab31cd71d45fd9113.css?body=1" for 105.198.243.69 at 2015-12-16 06:35:29 +0200
Cannot render console from 105.198.243.69! Allowed networks: 127.0.0.1, ::1, 127.0.0.0/127.255.255.255


Started GET "/assets/application.self-3b8dabdc891efe46b9a144b400ad69e37d7e5876bdc39dee783419a69d7ca819.js?body=1" for 105.198.243.69 at 2015-12-16 06:35:29 +0200
Cannot render console from 105.198.243.69! Allowed networks: 127.0.0.1, ::1, 127.0.0.0/127.255.255.255


Started GET "/assets/events.self-877aef30ae1b040ab8a3aba4e3e309a11d7f2612f44dde450b5c157aa5f95c05.js?body=1" for 105.198.243.69 at 2015-12-16 06:35:29 +0200
Cannot render console from 105.198.243.69! Allowed networks: 127.0.0.1, ::1, 127.0.0.0/127.255.255.255


Started GET "/assets/tasks.self-877aef30ae1b040ab8a3aba4e3e309a11d7f2612f44dde450b5c157aa5f95c05.js?body=1" for 105.198.243.69 at 2015-12-16 06:35:29 +0200
Cannot render console from 105.198.243.69! Allowed networks: 127.0.0.1, ::1, 127.0.0.0/127.255.255.255


Started GET "/assets/tasks.self-e3b0c44298fc1c149afbf4c8996fb92427ae41e4649b934ca495991b7852b855.css?body=1" for 105.198.243.69 at 2015-12-16 06:35:29 +0200
Cannot render console from 105.198.243.69! Allowed networks: 127.0.0.1, ::1, 127.0.0.0/127.255.255.255


Started GET "/assets/user.self-877aef30ae1b040ab8a3aba4e3e309a11d7f2612f44dde450b5c157aa5f95c05.js?body=1" for 105.198.243.69 at 2015-12-16 06:35:29 +0200
Cannot render console from 105.198.243.69! Allowed networks: 127.0.0.1, ::1, 127.0.0.0/127.255.255.255


Started GET "/assets/comments.self-e3b0c44298fc1c149afbf4c8996fb92427ae41e4649b934ca495991b7852b855.css?body=1" for 105.198.243.69 at 2015-12-16 06:35:29 +0200
Cannot render console from 105.198.243.69! Allowed networks: 127.0.0.1, ::1, 127.0.0.0/127.255.255.255


Started GET "/assets/jquery_ujs.self-d456baa54c1fa6be2ec3711f0a72ddf7a5b2f34a6b4f515f33767d6207b7d4b3.js?body=1" for 105.198.243.69 at 2015-12-16 06:35:29 +0200
Cannot render console from 105.198.243.69! Allowed networks: 127.0.0.1, ::1, 127.0.0.0/127.255.255.255


Started GET "/assets/home.self-e3b0c44298fc1c149afbf4c8996fb92427ae41e4649b934ca495991b7852b855.css?body=1" for 105.198.243.69 at 2015-12-16 06:35:29 +0200
Cannot render console from 105.198.243.69! Allowed networks: 127.0.0.1, ::1, 127.0.0.0/127.255.255.255


Started GET "/assets/comments.self-877aef30ae1b040ab8a3aba4e3e309a11d7f2612f44dde450b5c157aa5f95c05.js?body=1" for 105.198.243.69 at 2015-12-16 06:35:29 +0200
Cannot render console from 105.198.243.69! Allowed networks: 127.0.0.1, ::1, 127.0.0.0/127.255.255.255


Started GET "/assets/scaffolds.self-8e1795d66d580085014f924d343db4b5a4ed21c469d05a334abfb540400007e8.css?body=1" for 105.198.243.69 at 2015-12-16 06:35:29 +0200
Cannot render console from 105.198.243.69! Allowed networks: 127.0.0.1, ::1, 127.0.0.0/127.255.255.255


Started GET "/assets/turbolinks.self-c37727e9bd6b2735da5c311aa83fead54ed0be6cc8bd9a65309e9c5abe2cbfff.js?body=1" for 105.198.243.69 at 2015-12-16 06:35:29 +0200
Cannot render console from 105.198.243.69! Allowed networks: 127.0.0.1, ::1, 127.0.0.0/127.255.255.255


Started GET "/assets/user.self-e3b0c44298fc1c149afbf4c8996fb92427ae41e4649b934ca495991b7852b855.css?body=1" for 105.198.243.69 at 2015-12-16 06:35:29 +0200
Cannot render console from 105.198.243.69! Allowed networks: 127.0.0.1, ::1, 127.0.0.0/127.255.255.255


Started GET "/assets/sessions.self-e3b0c44298fc1c149afbf4c8996fb92427ae41e4649b934ca495991b7852b855.css?body=1" for 105.198.243.69 at 2015-12-16 06:35:29 +0200
Cannot render console from 105.198.243.69! Allowed networks: 127.0.0.1, ::1, 127.0.0.0/127.255.255.255


Started GET "/assets/comments.self-e3b0c44298fc1c149afbf4c8996fb92427ae41e4649b934ca495991b7852b855.css?body=1" for 105.198.243.69 at 2015-12-16 06:35:33 +0200
Cannot render console from 105.198.243.69! Allowed networks: 127.0.0.1, ::1, 127.0.0.0/127.255.255.255


Started GET "/assets/events.self-e3b0c44298fc1c149afbf4c8996fb92427ae41e4649b934ca495991b7852b855.css?body=1" for 105.198.243.69 at 2015-12-16 06:35:33 +0200
Cannot render console from 105.198.243.69! Allowed networks: 127.0.0.1, ::1, 127.0.0.0/127.255.255.255


Started GET "/assets/home.self-e3b0c44298fc1c149afbf4c8996fb92427ae41e4649b934ca495991b7852b855.css?body=1" for 105.198.243.69 at 2015-12-16 06:35:33 +0200
Cannot render console from 105.198.243.69! Allowed networks: 127.0.0.1, ::1, 127.0.0.0/127.255.255.255


Started GET "/assets/sessions.self-e3b0c44298fc1c149afbf4c8996fb92427ae41e4649b934ca495991b7852b855.css?body=1" for 105.198.243.69 at 2015-12-16 06:35:33 +0200
Cannot render console from 105.198.243.69! Allowed networks: 127.0.0.1, ::1, 127.0.0.0/127.255.255.255


Started GET "/assets/tasks.self-e3b0c44298fc1c149afbf4c8996fb92427ae41e4649b934ca495991b7852b855.css?body=1" for 105.198.243.69 at 2015-12-16 06:35:33 +0200
Cannot render console from 105.198.243.69! Allowed networks: 127.0.0.1, ::1, 127.0.0.0/127.255.255.255


Started GET "/assets/user.self-e3b0c44298fc1c149afbf4c8996fb92427ae41e4649b934ca495991b7852b855.css?body=1" for 105.198.243.69 at 2015-12-16 06:35:34 +0200
Cannot render console from 105.198.243.69! Allowed networks: 127.0.0.1, ::1, 127.0.0.0/127.255.255.255


Started GET "/tasks" for 105.198.243.69 at 2015-12-16 06:35:40 +0200
Cannot render console from 105.198.243.69! Allowed networks: 127.0.0.1, ::1, 127.0.0.0/127.255.255.255
Processing by TasksController#index as HTML
  [1m[35mTask Load (0.3ms)[0m  SELECT "tasks".* FROM "tasks"
Completed 200 OK in 8ms (Views: 0.7ms | ActiveRecord: 0.9ms)
  [1m[36mTask Load (1.0ms)[0m  [1mSELECT "tasks".* FROM "tasks"[0m
  [1m[35m (0.1ms)[0m  begin transaction
  [1m[36mSQL (0.5ms)[0m  [1mINSERT INTO "tasks" ("title", "created_at", "updated_at") VALUES (?, ?, ?)[0m  [["title", "new task"], ["created_at", "2015-12-16 04:36:20.927818"], ["updated_at", "2015-12-16 04:36:20.927818"]]
  [1m[35m (0.4ms)[0m  commit transaction


Started GET "/tasks" for 105.198.243.69 at 2015-12-16 06:36:28 +0200
Cannot render console from 105.198.243.69! Allowed networks: 127.0.0.1, ::1, 127.0.0.0/127.255.255.255
Processing by TasksController#index as HTML
  [1m[36mTask Load (0.1ms)[0m  [1mSELECT "tasks".* FROM "tasks"[0m
Completed 200 OK in 5ms (Views: 4.6ms | ActiveRecord: 0.3ms)


Started GET "/tasks/1" for 105.198.243.69 at 2015-12-16 06:36:38 +0200
Cannot render console from 105.198.243.69! Allowed networks: 127.0.0.1, ::1, 127.0.0.0/127.255.255.255
Processing by TasksController#show as HTML
  Parameters: {"id"=>"1"}
  [1m[35mTask Load (0.2ms)[0m  SELECT  "tasks".* FROM "tasks" WHERE "tasks"."id" = ? LIMIT 1  [["id", 1]]
  [1m[36mCACHE (0.0ms)[0m  [1mSELECT  "tasks".* FROM "tasks" WHERE "tasks"."id" = ? LIMIT 1[0m  [["id", "1"]]
Completed 200 OK in 8ms (Views: 0.5ms | ActiveRecord: 0.2ms)


Started POST "/tasks.json" for 105.198.243.69 at 2015-12-16 06:41:40 +0200
Cannot render console from 105.198.243.69! Allowed networks: 127.0.0.1, ::1, 127.0.0.0/127.255.255.255
Processing by TasksController#create as JSON
  Parameters: {"task"=>{"title"=>"android task"}}
Can't verify CSRF token authenticity
  [1m[35m (0.1ms)[0m  begin transaction
  [1m[36mSQL (0.5ms)[0m  [1mINSERT INTO "tasks" ("title", "created_at", "updated_at") VALUES (?, ?, ?)[0m  [["title", "android task"], ["created_at", "2015-12-16 04:41:40.922220"], ["updated_at", "2015-12-16 04:41:40.922220"]]
  [1m[35m (0.8ms)[0m  commit transaction
  Rendered tasks/show.json.jbuilder (3.4ms)
Completed 201 Created in 18ms (Views: 9.8ms | ActiveRecord: 1.4ms)


Started GET "/tasks" for 105.198.243.69 at 2015-12-16 06:42:05 +0200
Cannot render console from 105.198.243.69! Allowed networks: 127.0.0.1, ::1, 127.0.0.0/127.255.255.255
Processing by TasksController#index as HTML
  [1m[36mTask Load (0.1ms)[0m  [1mSELECT "tasks".* FROM "tasks"[0m
Completed 200 OK in 2ms (Views: 1.1ms | ActiveRecord: 0.1ms)
